{"/Users/vivi409/Desktop/s18-ESN-A1/models/user.js":{"path":"/Users/vivi409/Desktop/s18-ESN-A1/models/user.js","s":{"1":1,"2":1,"3":1,"4":1,"5":2,"6":2,"7":2,"8":33,"9":3,"10":15,"11":109,"12":0},"b":{},"f":{"1":1,"2":2,"3":33,"4":3,"5":15,"6":109,"7":0},"fnMap":{"1":{"name":"(anonymous_1)","line":6,"loc":{"start":{"line":6,"column":19},"end":{"line":6,"column":41}}},"2":{"name":"(anonymous_2)","line":10,"loc":{"start":{"line":10,"column":17},"end":{"line":10,"column":33}}},"3":{"name":"(anonymous_3)","line":16,"loc":{"start":{"line":16,"column":17},"end":{"line":16,"column":40}}},"4":{"name":"(anonymous_4)","line":20,"loc":{"start":{"line":20,"column":19},"end":{"line":20,"column":33}}},"5":{"name":"(anonymous_5)","line":24,"loc":{"start":{"line":24,"column":15},"end":{"line":24,"column":31}}},"6":{"name":"(anonymous_6)","line":28,"loc":{"start":{"line":28,"column":18},"end":{"line":28,"column":34}}},"7":{"name":"(anonymous_7)","line":33,"loc":{"start":{"line":33,"column":24},"end":{"line":33,"column":27}}}},"statementMap":{"1":{"start":{"line":2,"column":0},"end":{"line":2,"column":43}},"2":{"start":{"line":3,"column":0},"end":{"line":3,"column":49}},"3":{"start":{"line":5,"column":0},"end":{"line":36,"column":2}},"4":{"start":{"line":7,"column":8},"end":{"line":7,"column":49}},"5":{"start":{"line":11,"column":8},"end":{"line":11,"column":42}},"6":{"start":{"line":12,"column":8},"end":{"line":12,"column":31}},"7":{"start":{"line":13,"column":8},"end":{"line":13,"column":23}},"8":{"start":{"line":17,"column":8},"end":{"line":17,"column":48}},"9":{"start":{"line":21,"column":8},"end":{"line":21,"column":41}},"10":{"start":{"line":25,"column":8},"end":{"line":25,"column":46}},"11":{"start":{"line":29,"column":8},"end":{"line":29,"column":49}},"12":{"start":{"line":34,"column":8},"end":{"line":34,"column":26}}},"branchMap":{}},"/Users/vivi409/Desktop/s18-ESN-A1/schemas/user.js":{"path":"/Users/vivi409/Desktop/s18-ESN-A1/schemas/user.js","s":{"1":1,"2":1,"3":1,"4":1,"5":1,"6":1},"b":{},"f":{},"fnMap":{},"statementMap":{"1":{"start":{"line":3,"column":0},"end":{"line":3,"column":37}},"2":{"start":{"line":4,"column":0},"end":{"line":4,"column":31}},"3":{"start":{"line":5,"column":0},"end":{"line":5,"column":65}},"4":{"start":{"line":7,"column":0},"end":{"line":25,"column":25}},"5":{"start":{"line":27,"column":0},"end":{"line":27,"column":41}},"6":{"start":{"line":28,"column":0},"end":{"line":28,"column":52}}},"branchMap":{}},"/Users/vivi409/Desktop/s18-ESN-A1/schemas/message.js":{"path":"/Users/vivi409/Desktop/s18-ESN-A1/schemas/message.js","s":{"1":1,"2":1,"3":1,"4":1,"5":1},"b":{},"f":{},"fnMap":{},"statementMap":{"1":{"start":{"line":3,"column":0},"end":{"line":3,"column":37}},"2":{"start":{"line":4,"column":0},"end":{"line":4,"column":31}},"3":{"start":{"line":5,"column":0},"end":{"line":5,"column":33}},"4":{"start":{"line":9,"column":0},"end":{"line":26,"column":25}},"5":{"start":{"line":28,"column":0},"end":{"line":28,"column":58}}},"branchMap":{}},"/Users/vivi409/Desktop/s18-ESN-A1/app.js":{"path":"/Users/vivi409/Desktop/s18-ESN-A1/app.js","s":{"1":1,"2":1,"3":1,"4":1,"5":1,"6":1,"7":1,"8":1,"9":1,"10":1,"11":1,"12":1,"13":1,"14":1,"15":1,"16":1,"17":1,"18":1,"19":1,"20":1,"21":1,"22":1,"23":1,"24":1,"25":1,"26":1,"27":1,"28":1,"29":1,"30":1,"31":1,"32":1,"33":1,"34":1,"35":1,"36":1,"37":1,"38":1},"b":{"1":[1,0],"2":[1,0],"3":[1,1]},"f":{"1":1,"2":1},"fnMap":{"1":{"name":"(anonymous_1)","line":56,"loc":{"start":{"line":56,"column":8},"end":{"line":56,"column":33}}},"2":{"name":"(anonymous_2)","line":63,"loc":{"start":{"line":63,"column":8},"end":{"line":63,"column":38}}}},"statementMap":{"1":{"start":{"line":1,"column":0},"end":{"line":1,"column":33}},"2":{"start":{"line":2,"column":0},"end":{"line":2,"column":27}},"3":{"start":{"line":3,"column":0},"end":{"line":3,"column":39}},"4":{"start":{"line":4,"column":0},"end":{"line":4,"column":31}},"5":{"start":{"line":5,"column":0},"end":{"line":5,"column":44}},"6":{"start":{"line":6,"column":0},"end":{"line":6,"column":40}},"7":{"start":{"line":9,"column":0},"end":{"line":9,"column":38}},"8":{"start":{"line":11,"column":0},"end":{"line":11,"column":20}},"9":{"start":{"line":14,"column":0},"end":{"line":14,"column":43}},"10":{"start":{"line":15,"column":0},"end":{"line":15,"column":36}},"11":{"start":{"line":17,"column":0},"end":{"line":17,"column":44}},"12":{"start":{"line":20,"column":0},"end":{"line":20,"column":48}},"13":{"start":{"line":21,"column":0},"end":{"line":21,"column":30}},"14":{"start":{"line":25,"column":0},"end":{"line":25,"column":23}},"15":{"start":{"line":27,"column":0},"end":{"line":27,"column":42}},"16":{"start":{"line":28,"column":0},"end":{"line":28,"column":64}},"17":{"start":{"line":30,"column":0},"end":{"line":30,"column":24}},"18":{"start":{"line":32,"column":0},"end":{"line":32,"column":56}},"19":{"start":{"line":34,"column":0},"end":{"line":34,"column":20}},"20":{"start":{"line":36,"column":0},"end":{"line":36,"column":37}},"21":{"start":{"line":40,"column":0},"end":{"line":45,"column":21}},"22":{"start":{"line":47,"column":0},"end":{"line":49,"column":3}},"23":{"start":{"line":51,"column":0},"end":{"line":51,"column":34}},"24":{"start":{"line":52,"column":0},"end":{"line":52,"column":29}},"25":{"start":{"line":53,"column":0},"end":{"line":53,"column":73}},"26":{"start":{"line":56,"column":0},"end":{"line":60,"column":3}},"27":{"start":{"line":57,"column":2},"end":{"line":57,"column":35}},"28":{"start":{"line":58,"column":2},"end":{"line":58,"column":19}},"29":{"start":{"line":59,"column":2},"end":{"line":59,"column":12}},"30":{"start":{"line":63,"column":0},"end":{"line":71,"column":3}},"31":{"start":{"line":65,"column":2},"end":{"line":65,"column":35}},"32":{"start":{"line":66,"column":2},"end":{"line":66,"column":69}},"33":{"start":{"line":69,"column":2},"end":{"line":69,"column":32}},"34":{"start":{"line":70,"column":2},"end":{"line":70,"column":22}},"35":{"start":{"line":73,"column":0},"end":{"line":73,"column":36}},"36":{"start":{"line":74,"column":0},"end":{"line":76,"column":3}},"37":{"start":{"line":75,"column":2},"end":{"line":75,"column":40}},"38":{"start":{"line":77,"column":0},"end":{"line":77,"column":21}}},"branchMap":{"1":{"line":66,"type":"cond-expr","locations":[{"start":{"line":66,"column":60},"end":{"line":66,"column":63}},{"start":{"line":66,"column":66},"end":{"line":66,"column":68}}]},"2":{"line":69,"type":"binary-expr","locations":[{"start":{"line":69,"column":13},"end":{"line":69,"column":23}},{"start":{"line":69,"column":27},"end":{"line":69,"column":30}}]},"3":{"line":73,"type":"binary-expr","locations":[{"start":{"line":73,"column":11},"end":{"line":73,"column":27}},{"start":{"line":73,"column":31},"end":{"line":73,"column":35}}]}}},"/Users/vivi409/Desktop/s18-ESN-A1/routes/index.js":{"path":"/Users/vivi409/Desktop/s18-ESN-A1/routes/index.js","s":{"1":1,"2":1,"3":1,"4":1,"5":1,"6":1,"7":1,"8":1,"9":1,"10":1,"11":1,"12":1,"13":1,"14":1,"15":1,"16":1,"17":1,"18":1,"19":1,"20":1,"21":1,"22":1,"23":1,"24":1,"25":1,"26":1,"27":1,"28":1,"29":1,"30":1,"31":1,"32":1,"33":1,"34":1,"35":1,"36":1,"37":1},"b":{},"f":{},"fnMap":{},"statementMap":{"1":{"start":{"line":1,"column":0},"end":{"line":1,"column":35}},"2":{"start":{"line":2,"column":0},"end":{"line":2,"column":52}},"3":{"start":{"line":3,"column":0},"end":{"line":3,"column":56}},"4":{"start":{"line":4,"column":0},"end":{"line":4,"column":56}},"5":{"start":{"line":5,"column":0},"end":{"line":5,"column":58}},"6":{"start":{"line":6,"column":0},"end":{"line":6,"column":62}},"7":{"start":{"line":7,"column":0},"end":{"line":7,"column":56}},"8":{"start":{"line":8,"column":0},"end":{"line":8,"column":56}},"9":{"start":{"line":10,"column":0},"end":{"line":10,"column":32}},"10":{"start":{"line":11,"column":0},"end":{"line":11,"column":47}},"11":{"start":{"line":12,"column":0},"end":{"line":12,"column":51}},"12":{"start":{"line":14,"column":0},"end":{"line":14,"column":41}},"13":{"start":{"line":15,"column":0},"end":{"line":15,"column":44}},"14":{"start":{"line":16,"column":0},"end":{"line":16,"column":65}},"15":{"start":{"line":17,"column":0},"end":{"line":17,"column":53}},"16":{"start":{"line":18,"column":0},"end":{"line":18,"column":78}},"17":{"start":{"line":19,"column":0},"end":{"line":19,"column":76}},"18":{"start":{"line":20,"column":0},"end":{"line":20,"column":69}},"19":{"start":{"line":22,"column":0},"end":{"line":22,"column":65}},"20":{"start":{"line":23,"column":0},"end":{"line":23,"column":65}},"21":{"start":{"line":24,"column":0},"end":{"line":24,"column":66}},"22":{"start":{"line":25,"column":0},"end":{"line":25,"column":54}},"23":{"start":{"line":27,"column":0},"end":{"line":27,"column":74}},"24":{"start":{"line":28,"column":0},"end":{"line":28,"column":72}},"25":{"start":{"line":29,"column":0},"end":{"line":29,"column":83}},"26":{"start":{"line":30,"column":0},"end":{"line":30,"column":75}},"27":{"start":{"line":31,"column":0},"end":{"line":31,"column":77}},"28":{"start":{"line":32,"column":0},"end":{"line":32,"column":79}},"29":{"start":{"line":33,"column":0},"end":{"line":33,"column":91}},"30":{"start":{"line":34,"column":0},"end":{"line":34,"column":86}},"31":{"start":{"line":35,"column":0},"end":{"line":35,"column":84}},"32":{"start":{"line":36,"column":0},"end":{"line":36,"column":67}},"33":{"start":{"line":38,"column":0},"end":{"line":38,"column":63}},"34":{"start":{"line":39,"column":0},"end":{"line":39,"column":65}},"35":{"start":{"line":40,"column":0},"end":{"line":40,"column":70}},"36":{"start":{"line":41,"column":0},"end":{"line":41,"column":74}},"37":{"start":{"line":43,"column":0},"end":{"line":43,"column":24}}},"branchMap":{}},"/Users/vivi409/Desktop/s18-ESN-A1/controllers/userJoin.js":{"path":"/Users/vivi409/Desktop/s18-ESN-A1/controllers/userJoin.js","s":{"1":1,"2":1,"3":1,"4":1,"5":1,"6":1,"7":1,"8":1,"9":1,"10":1,"11":1,"12":0,"13":1,"14":33,"15":33,"16":33,"17":0,"18":33,"19":1,"20":4,"21":4,"22":4,"23":4,"24":4,"25":1,"26":3,"27":3,"28":3,"29":3,"30":1,"31":2,"32":2,"33":1,"34":1,"35":1,"36":1,"37":0,"38":1,"39":1,"40":36,"41":36,"42":36,"43":36,"44":1,"45":35,"46":35,"47":35,"48":35,"49":0,"50":35,"51":2,"52":33,"53":0,"54":33,"55":33,"56":1,"57":32,"58":1},"b":{"1":[0,1],"2":[0,33],"3":[4,3,3],"4":[1,3],"5":[1,2],"6":[1,1],"7":[0,1],"8":[36,36],"9":[1,35],"10":[0,35],"11":[2,33],"12":[0,33],"13":[1,32]},"f":{"1":1,"2":33,"3":2,"4":1,"5":35},"fnMap":{"1":{"name":"(anonymous_1)","line":15,"loc":{"start":{"line":15,"column":37},"end":{"line":15,"column":57}}},"2":{"name":"(anonymous_2)","line":33,"loc":{"start":{"line":33,"column":5},"end":{"line":33,"column":19}}},"3":{"name":"(anonymous_3)","line":51,"loc":{"start":{"line":51,"column":39},"end":{"line":51,"column":56}}},"4":{"name":"(anonymous_4)","line":58,"loc":{"start":{"line":58,"column":6},"end":{"line":58,"column":26}}},"5":{"name":"(anonymous_5)","line":74,"loc":{"start":{"line":74,"column":64},"end":{"line":74,"column":84}}}},"statementMap":{"1":{"start":{"line":1,"column":0},"end":{"line":1,"column":39}},"2":{"start":{"line":2,"column":0},"end":{"line":2,"column":45}},"3":{"start":{"line":3,"column":0},"end":{"line":3,"column":31}},"4":{"start":{"line":4,"column":0},"end":{"line":4,"column":44}},"5":{"start":{"line":5,"column":0},"end":{"line":5,"column":36}},"6":{"start":{"line":6,"column":0},"end":{"line":6,"column":33}},"7":{"start":{"line":7,"column":0},"end":{"line":7,"column":41}},"8":{"start":{"line":8,"column":0},"end":{"line":8,"column":22}},"9":{"start":{"line":10,"column":0},"end":{"line":10,"column":24}},"10":{"start":{"line":15,"column":0},"end":{"line":24,"column":3}},"11":{"start":{"line":16,"column":2},"end":{"line":23,"column":3}},"12":{"start":{"line":17,"column":4},"end":{"line":22,"column":6}},"13":{"start":{"line":27,"column":0},"end":{"line":37,"column":1}},"14":{"start":{"line":28,"column":2},"end":{"line":30,"column":5}},"15":{"start":{"line":31,"column":2},"end":{"line":36,"column":5}},"16":{"start":{"line":34,"column":2},"end":{"line":34,"column":27}},"17":{"start":{"line":34,"column":10},"end":{"line":34,"column":27}},"18":{"start":{"line":35,"column":2},"end":{"line":35,"column":82}},"19":{"start":{"line":39,"column":0},"end":{"line":65,"column":1}},"20":{"start":{"line":40,"column":4},"end":{"line":40,"column":30}},"21":{"start":{"line":41,"column":4},"end":{"line":41,"column":30}},"22":{"start":{"line":42,"column":4},"end":{"line":42,"column":38}},"23":{"start":{"line":43,"column":4},"end":{"line":43,"column":32}},"24":{"start":{"line":44,"column":4},"end":{"line":44,"column":87}},"25":{"start":{"line":44,"column":20},"end":{"line":44,"column":87}},"26":{"start":{"line":45,"column":4},"end":{"line":45,"column":28}},"27":{"start":{"line":46,"column":4},"end":{"line":46,"column":28}},"28":{"start":{"line":47,"column":4},"end":{"line":47,"column":36}},"29":{"start":{"line":48,"column":4},"end":{"line":50,"column":5}},"30":{"start":{"line":49,"column":6},"end":{"line":49,"column":83}},"31":{"start":{"line":51,"column":4},"end":{"line":64,"column":6}},"32":{"start":{"line":52,"column":6},"end":{"line":52,"column":100}},"33":{"start":{"line":52,"column":12},"end":{"line":52,"column":100}},"34":{"start":{"line":53,"column":6},"end":{"line":53,"column":65}},"35":{"start":{"line":54,"column":6},"end":{"line":63,"column":9}},"36":{"start":{"line":59,"column":8},"end":{"line":61,"column":9}},"37":{"start":{"line":60,"column":10},"end":{"line":60,"column":102}},"38":{"start":{"line":62,"column":8},"end":{"line":62,"column":36}},"39":{"start":{"line":67,"column":0},"end":{"line":88,"column":1}},"40":{"start":{"line":68,"column":4},"end":{"line":68,"column":30}},"41":{"start":{"line":69,"column":4},"end":{"line":69,"column":30}},"42":{"start":{"line":70,"column":4},"end":{"line":70,"column":27}},"43":{"start":{"line":71,"column":4},"end":{"line":71,"column":94}},"44":{"start":{"line":71,"column":20},"end":{"line":71,"column":94}},"45":{"start":{"line":72,"column":4},"end":{"line":72,"column":28}},"46":{"start":{"line":73,"column":4},"end":{"line":73,"column":28}},"47":{"start":{"line":74,"column":4},"end":{"line":87,"column":7}},"48":{"start":{"line":75,"column":6},"end":{"line":75,"column":76}},"49":{"start":{"line":75,"column":14},"end":{"line":75,"column":76}},"50":{"start":{"line":76,"column":6},"end":{"line":78,"column":7}},"51":{"start":{"line":77,"column":8},"end":{"line":77,"column":78}},"52":{"start":{"line":79,"column":6},"end":{"line":81,"column":7}},"53":{"start":{"line":80,"column":8},"end":{"line":80,"column":76}},"54":{"start":{"line":82,"column":6},"end":{"line":82,"column":70}},"55":{"start":{"line":83,"column":6},"end":{"line":85,"column":7}},"56":{"start":{"line":84,"column":8},"end":{"line":84,"column":90}},"57":{"start":{"line":86,"column":6},"end":{"line":86,"column":34}},"58":{"start":{"line":90,"column":0},"end":{"line":93,"column":2}}},"branchMap":{"1":{"line":16,"type":"if","locations":[{"start":{"line":16,"column":2},"end":{"line":16,"column":2}},{"start":{"line":16,"column":2},"end":{"line":16,"column":2}}]},"2":{"line":34,"type":"if","locations":[{"start":{"line":34,"column":2},"end":{"line":34,"column":2}},{"start":{"line":34,"column":2},"end":{"line":34,"column":2}}]},"3":{"line":43,"type":"binary-expr","locations":[{"start":{"line":43,"column":20},"end":{"line":43,"column":21}},{"start":{"line":43,"column":25},"end":{"line":43,"column":26}},{"start":{"line":43,"column":30},"end":{"line":43,"column":31}}]},"4":{"line":44,"type":"if","locations":[{"start":{"line":44,"column":4},"end":{"line":44,"column":4}},{"start":{"line":44,"column":4},"end":{"line":44,"column":4}}]},"5":{"line":48,"type":"if","locations":[{"start":{"line":48,"column":4},"end":{"line":48,"column":4}},{"start":{"line":48,"column":4},"end":{"line":48,"column":4}}]},"6":{"line":52,"type":"if","locations":[{"start":{"line":52,"column":6},"end":{"line":52,"column":6}},{"start":{"line":52,"column":6},"end":{"line":52,"column":6}}]},"7":{"line":59,"type":"if","locations":[{"start":{"line":59,"column":8},"end":{"line":59,"column":8}},{"start":{"line":59,"column":8},"end":{"line":59,"column":8}}]},"8":{"line":70,"type":"binary-expr","locations":[{"start":{"line":70,"column":20},"end":{"line":70,"column":21}},{"start":{"line":70,"column":25},"end":{"line":70,"column":26}}]},"9":{"line":71,"type":"if","locations":[{"start":{"line":71,"column":4},"end":{"line":71,"column":4}},{"start":{"line":71,"column":4},"end":{"line":71,"column":4}}]},"10":{"line":75,"type":"if","locations":[{"start":{"line":75,"column":6},"end":{"line":75,"column":6}},{"start":{"line":75,"column":6},"end":{"line":75,"column":6}}]},"11":{"line":76,"type":"if","locations":[{"start":{"line":76,"column":6},"end":{"line":76,"column":6}},{"start":{"line":76,"column":6},"end":{"line":76,"column":6}}]},"12":{"line":79,"type":"if","locations":[{"start":{"line":79,"column":6},"end":{"line":79,"column":6}},{"start":{"line":79,"column":6},"end":{"line":79,"column":6}}]},"13":{"line":83,"type":"if","locations":[{"start":{"line":83,"column":6},"end":{"line":83,"column":6}},{"start":{"line":83,"column":6},"end":{"line":83,"column":6}}]}}},"/Users/vivi409/Desktop/s18-ESN-A1/models/message.js":{"path":"/Users/vivi409/Desktop/s18-ESN-A1/models/message.js","s":{"1":1,"2":1,"3":1,"4":8,"5":8,"6":8,"7":1,"8":1,"9":16,"10":1},"b":{},"f":{"1":8,"2":1,"3":1,"4":16,"5":1},"fnMap":{"1":{"name":"(anonymous_1)","line":6,"loc":{"start":{"line":6,"column":17},"end":{"line":6,"column":33}}},"2":{"name":"(anonymous_2)","line":12,"loc":{"start":{"line":12,"column":17},"end":{"line":12,"column":40}}},"3":{"name":"(anonymous_3)","line":16,"loc":{"start":{"line":16,"column":19},"end":{"line":16,"column":33}}},"4":{"name":"(anonymous_4)","line":20,"loc":{"start":{"line":20,"column":15},"end":{"line":20,"column":31}}},"5":{"name":"(anonymous_5)","line":24,"loc":{"start":{"line":24,"column":18},"end":{"line":24,"column":34}}}},"statementMap":{"1":{"start":{"line":2,"column":0},"end":{"line":2,"column":43}},"2":{"start":{"line":3,"column":0},"end":{"line":3,"column":49}},"3":{"start":{"line":5,"column":0},"end":{"line":27,"column":2}},"4":{"start":{"line":7,"column":8},"end":{"line":7,"column":48}},"5":{"start":{"line":8,"column":8},"end":{"line":8,"column":34}},"6":{"start":{"line":9,"column":8},"end":{"line":9,"column":26}},"7":{"start":{"line":13,"column":8},"end":{"line":13,"column":51}},"8":{"start":{"line":17,"column":8},"end":{"line":17,"column":44}},"9":{"start":{"line":21,"column":8},"end":{"line":21,"column":49}},"10":{"start":{"line":25,"column":8},"end":{"line":25,"column":52}}},"branchMap":{}},"/Users/vivi409/Desktop/s18-ESN-A1/configs/config.js":{"path":"/Users/vivi409/Desktop/s18-ESN-A1/configs/config.js","s":{"1":1,"2":1,"3":1},"b":{},"f":{},"fnMap":{},"statementMap":{"1":{"start":{"line":3,"column":0},"end":{"line":5,"column":2}},"2":{"start":{"line":4,"column":1},"end":{"line":4,"column":39}},"3":{"start":{"line":7,"column":0},"end":{"line":7,"column":24}}},"branchMap":{}},"/Users/vivi409/Desktop/s18-ESN-A1/socket/event.js":{"path":"/Users/vivi409/Desktop/s18-ESN-A1/socket/event.js","s":{"1":1,"2":13},"b":{},"f":{"1":13},"fnMap":{"1":{"name":"(anonymous_1)","line":26,"loc":{"start":{"line":26,"column":13},"end":{"line":26,"column":30}}}},"statementMap":{"1":{"start":{"line":4,"column":0},"end":{"line":29,"column":1}},"2":{"start":{"line":27,"column":8},"end":{"line":27,"column":29}}},"branchMap":{}},"/Users/vivi409/Desktop/s18-ESN-A1/controllers/userUpdate.js":{"path":"/Users/vivi409/Desktop/s18-ESN-A1/controllers/userUpdate.js","s":{"1":1,"2":1,"3":1,"4":1,"5":1,"6":1,"7":1,"8":1,"9":1,"10":1,"11":1,"12":1,"13":1,"14":1,"15":1,"16":1,"17":1,"18":1,"19":0,"20":1,"21":1,"22":2,"23":2,"24":2,"25":1,"26":1,"27":1,"28":1,"29":0,"30":1,"31":1,"32":1,"33":1,"34":1,"35":1,"36":0,"37":1,"38":2,"39":2,"40":2,"41":2,"42":1,"43":1,"44":1,"45":1,"46":1,"47":0,"48":1,"49":1,"50":1,"51":1,"52":1,"53":1,"54":1,"55":0,"56":1},"b":{"1":[1,0],"2":[0,1],"3":[1,1],"4":[0,1],"5":[1,0],"6":[1,1],"7":[2,1],"8":[0,1],"9":[1,0]},"f":{"1":1,"2":1,"3":1,"4":1,"5":1,"6":1},"fnMap":{"1":{"name":"(anonymous_1)","line":15,"loc":{"start":{"line":15,"column":41},"end":{"line":15,"column":61}}},"2":{"name":"(anonymous_2)","line":21,"loc":{"start":{"line":21,"column":19},"end":{"line":21,"column":38}}},"3":{"name":"(anonymous_3)","line":27,"loc":{"start":{"line":27,"column":18},"end":{"line":27,"column":37}}},"4":{"name":"(anonymous_4)","line":30,"loc":{"start":{"line":30,"column":9},"end":{"line":30,"column":32}}},"5":{"name":"(anonymous_5)","line":42,"loc":{"start":{"line":42,"column":39},"end":{"line":42,"column":59}}},"6":{"name":"(anonymous_6)","line":63,"loc":{"start":{"line":63,"column":39},"end":{"line":63,"column":59}}}},"statementMap":{"1":{"start":{"line":1,"column":0},"end":{"line":1,"column":39}},"2":{"start":{"line":2,"column":0},"end":{"line":2,"column":45}},"3":{"start":{"line":3,"column":0},"end":{"line":3,"column":31}},"4":{"start":{"line":4,"column":0},"end":{"line":4,"column":44}},"5":{"start":{"line":5,"column":0},"end":{"line":5,"column":36}},"6":{"start":{"line":6,"column":0},"end":{"line":6,"column":33}},"7":{"start":{"line":7,"column":0},"end":{"line":7,"column":41}},"8":{"start":{"line":9,"column":0},"end":{"line":9,"column":22}},"9":{"start":{"line":11,"column":0},"end":{"line":11,"column":24}},"10":{"start":{"line":13,"column":0},"end":{"line":35,"column":1}},"11":{"start":{"line":15,"column":2},"end":{"line":34,"column":5}},"12":{"start":{"line":16,"column":4},"end":{"line":16,"column":20}},"13":{"start":{"line":17,"column":4},"end":{"line":19,"column":5}},"14":{"start":{"line":18,"column":6},"end":{"line":18,"column":26}},"15":{"start":{"line":20,"column":4},"end":{"line":33,"column":9}},"16":{"start":{"line":22,"column":10},"end":{"line":25,"column":26}},"17":{"start":{"line":28,"column":10},"end":{"line":28,"column":73}},"18":{"start":{"line":31,"column":8},"end":{"line":31,"column":38}},"19":{"start":{"line":31,"column":19},"end":{"line":31,"column":36}},"20":{"start":{"line":32,"column":8},"end":{"line":32,"column":97}},"21":{"start":{"line":37,"column":0},"end":{"line":54,"column":1}},"22":{"start":{"line":38,"column":2},"end":{"line":38,"column":32}},"23":{"start":{"line":39,"column":2},"end":{"line":39,"column":39}},"24":{"start":{"line":40,"column":2},"end":{"line":40,"column":74}},"25":{"start":{"line":40,"column":14},"end":{"line":40,"column":74}},"26":{"start":{"line":41,"column":2},"end":{"line":41,"column":40}},"27":{"start":{"line":42,"column":2},"end":{"line":53,"column":7}},"28":{"start":{"line":43,"column":4},"end":{"line":43,"column":31}},"29":{"start":{"line":43,"column":13},"end":{"line":43,"column":30}},"30":{"start":{"line":44,"column":4},"end":{"line":52,"column":63}},"31":{"start":{"line":45,"column":6},"end":{"line":45,"column":43}},"32":{"start":{"line":46,"column":6},"end":{"line":46,"column":18}},"33":{"start":{"line":47,"column":6},"end":{"line":47,"column":45}},"34":{"start":{"line":48,"column":6},"end":{"line":48,"column":121}},"35":{"start":{"line":49,"column":6},"end":{"line":49,"column":63}},"36":{"start":{"line":52,"column":6},"end":{"line":52,"column":63}},"37":{"start":{"line":56,"column":0},"end":{"line":76,"column":1}},"38":{"start":{"line":57,"column":2},"end":{"line":57,"column":32}},"39":{"start":{"line":58,"column":2},"end":{"line":58,"column":25}},"40":{"start":{"line":59,"column":2},"end":{"line":59,"column":25}},"41":{"start":{"line":60,"column":2},"end":{"line":60,"column":85}},"42":{"start":{"line":60,"column":20},"end":{"line":60,"column":85}},"43":{"start":{"line":61,"column":2},"end":{"line":61,"column":32}},"44":{"start":{"line":62,"column":2},"end":{"line":62,"column":33}},"45":{"start":{"line":63,"column":2},"end":{"line":75,"column":5}},"46":{"start":{"line":64,"column":4},"end":{"line":64,"column":32}},"47":{"start":{"line":64,"column":14},"end":{"line":64,"column":31}},"48":{"start":{"line":65,"column":4},"end":{"line":74,"column":5}},"49":{"start":{"line":66,"column":6},"end":{"line":66,"column":45}},"50":{"start":{"line":67,"column":6},"end":{"line":67,"column":141}},"51":{"start":{"line":68,"column":6},"end":{"line":68,"column":31}},"52":{"start":{"line":69,"column":6},"end":{"line":69,"column":33}},"53":{"start":{"line":70,"column":6},"end":{"line":70,"column":18}},"54":{"start":{"line":71,"column":6},"end":{"line":71,"column":72}},"55":{"start":{"line":73,"column":6},"end":{"line":73,"column":63}},"56":{"start":{"line":78,"column":0},"end":{"line":82,"column":2}}},"branchMap":{"1":{"line":17,"type":"if","locations":[{"start":{"line":17,"column":4},"end":{"line":17,"column":4}},{"start":{"line":17,"column":4},"end":{"line":17,"column":4}}]},"2":{"line":31,"type":"if","locations":[{"start":{"line":31,"column":8},"end":{"line":31,"column":8}},{"start":{"line":31,"column":8},"end":{"line":31,"column":8}}]},"3":{"line":40,"type":"if","locations":[{"start":{"line":40,"column":2},"end":{"line":40,"column":2}},{"start":{"line":40,"column":2},"end":{"line":40,"column":2}}]},"4":{"line":43,"type":"if","locations":[{"start":{"line":43,"column":4},"end":{"line":43,"column":4}},{"start":{"line":43,"column":4},"end":{"line":43,"column":4}}]},"5":{"line":44,"type":"if","locations":[{"start":{"line":44,"column":4},"end":{"line":44,"column":4}},{"start":{"line":44,"column":4},"end":{"line":44,"column":4}}]},"6":{"line":60,"type":"if","locations":[{"start":{"line":60,"column":2},"end":{"line":60,"column":2}},{"start":{"line":60,"column":2},"end":{"line":60,"column":2}}]},"7":{"line":60,"type":"binary-expr","locations":[{"start":{"line":60,"column":6},"end":{"line":60,"column":10}},{"start":{"line":60,"column":14},"end":{"line":60,"column":18}}]},"8":{"line":64,"type":"if","locations":[{"start":{"line":64,"column":4},"end":{"line":64,"column":4}},{"start":{"line":64,"column":4},"end":{"line":64,"column":4}}]},"9":{"line":65,"type":"if","locations":[{"start":{"line":65,"column":4},"end":{"line":65,"column":4}},{"start":{"line":65,"column":4},"end":{"line":65,"column":4}}]}}},"/Users/vivi409/Desktop/s18-ESN-A1/controllers/userSearch.js":{"path":"/Users/vivi409/Desktop/s18-ESN-A1/controllers/userSearch.js","s":{"1":1,"2":1,"3":1,"4":1,"5":1,"6":1,"7":1,"8":1,"9":1,"10":1,"11":5,"12":5,"13":5,"14":5,"15":5,"16":5,"17":1,"18":1,"19":1,"20":0,"21":1,"22":1,"23":1,"24":1,"25":1,"26":4,"27":4,"28":4,"29":4,"30":1,"31":1,"32":1,"33":1,"34":1,"35":1,"36":1,"37":1,"38":4,"39":4,"40":4,"41":1},"b":{"1":[5,0],"2":[0,1],"3":[1,1,1,1]},"f":{"1":5,"2":5},"fnMap":{"1":{"name":"(anonymous_1)","line":13,"loc":{"start":{"line":13,"column":43},"end":{"line":13,"column":63}}},"2":{"name":"(anonymous_2)","line":17,"loc":{"start":{"line":17,"column":24},"end":{"line":17,"column":43}}}},"statementMap":{"1":{"start":{"line":1,"column":0},"end":{"line":1,"column":39}},"2":{"start":{"line":2,"column":0},"end":{"line":2,"column":45}},"3":{"start":{"line":3,"column":0},"end":{"line":3,"column":31}},"4":{"start":{"line":4,"column":0},"end":{"line":4,"column":44}},"5":{"start":{"line":5,"column":0},"end":{"line":5,"column":36}},"6":{"start":{"line":6,"column":0},"end":{"line":6,"column":33}},"7":{"start":{"line":7,"column":0},"end":{"line":7,"column":41}},"8":{"start":{"line":8,"column":0},"end":{"line":8,"column":22}},"9":{"start":{"line":10,"column":0},"end":{"line":10,"column":24}},"10":{"start":{"line":11,"column":0},"end":{"line":22,"column":1}},"11":{"start":{"line":13,"column":4},"end":{"line":21,"column":6}},"12":{"start":{"line":14,"column":6},"end":{"line":16,"column":7}},"13":{"start":{"line":15,"column":8},"end":{"line":15,"column":28}},"14":{"start":{"line":17,"column":6},"end":{"line":20,"column":9}},"15":{"start":{"line":18,"column":8},"end":{"line":18,"column":22}},"16":{"start":{"line":19,"column":8},"end":{"line":19,"column":45}},"17":{"start":{"line":23,"column":0},"end":{"line":30,"column":1}},"18":{"start":{"line":24,"column":4},"end":{"line":24,"column":32}},"19":{"start":{"line":25,"column":4},"end":{"line":25,"column":73}},"20":{"start":{"line":25,"column":11},"end":{"line":25,"column":73}},"21":{"start":{"line":26,"column":4},"end":{"line":26,"column":32}},"22":{"start":{"line":27,"column":4},"end":{"line":27,"column":16}},"23":{"start":{"line":28,"column":4},"end":{"line":28,"column":65}},"24":{"start":{"line":29,"column":4},"end":{"line":29,"column":33}},"25":{"start":{"line":31,"column":0},"end":{"line":53,"column":1}},"26":{"start":{"line":32,"column":4},"end":{"line":32,"column":34}},"27":{"start":{"line":34,"column":4},"end":{"line":34,"column":46}},"28":{"start":{"line":35,"column":4},"end":{"line":35,"column":17}},"29":{"start":{"line":36,"column":4},"end":{"line":49,"column":5}},"30":{"start":{"line":38,"column":10},"end":{"line":38,"column":19}},"31":{"start":{"line":39,"column":10},"end":{"line":39,"column":16}},"32":{"start":{"line":41,"column":10},"end":{"line":41,"column":19}},"33":{"start":{"line":42,"column":10},"end":{"line":42,"column":16}},"34":{"start":{"line":44,"column":10},"end":{"line":44,"column":19}},"35":{"start":{"line":45,"column":10},"end":{"line":45,"column":16}},"36":{"start":{"line":47,"column":10},"end":{"line":47,"column":19}},"37":{"start":{"line":48,"column":10},"end":{"line":48,"column":16}},"38":{"start":{"line":50,"column":4},"end":{"line":50,"column":16}},"39":{"start":{"line":51,"column":4},"end":{"line":51,"column":40}},"40":{"start":{"line":52,"column":4},"end":{"line":52,"column":33}},"41":{"start":{"line":54,"column":0},"end":{"line":57,"column":2}}},"branchMap":{"1":{"line":14,"type":"if","locations":[{"start":{"line":14,"column":6},"end":{"line":14,"column":6}},{"start":{"line":14,"column":6},"end":{"line":14,"column":6}}]},"2":{"line":25,"type":"if","locations":[{"start":{"line":25,"column":4},"end":{"line":25,"column":4}},{"start":{"line":25,"column":4},"end":{"line":25,"column":4}}]},"3":{"line":36,"type":"switch","locations":[{"start":{"line":37,"column":8},"end":{"line":39,"column":16}},{"start":{"line":40,"column":8},"end":{"line":42,"column":16}},{"start":{"line":43,"column":8},"end":{"line":45,"column":16}},{"start":{"line":46,"column":8},"end":{"line":48,"column":16}}]}}},"/Users/vivi409/Desktop/s18-ESN-A1/controllers/messageChat.js":{"path":"/Users/vivi409/Desktop/s18-ESN-A1/controllers/messageChat.js","s":{"1":1,"2":1,"3":1,"4":1,"5":2,"6":2,"7":1,"8":1,"9":1,"10":1,"11":1,"12":0,"13":1,"14":1,"15":1,"16":1,"17":1,"18":1,"19":0,"20":1,"21":1,"22":1,"23":3,"24":15,"25":3,"26":1,"27":1,"28":2,"29":2,"30":2,"31":1,"32":1,"33":1,"34":0,"35":1,"36":1,"37":0,"38":1,"39":1,"40":1,"41":1,"42":2,"43":2,"44":2,"45":2,"46":2,"47":1,"48":1,"49":1,"50":0,"51":1,"52":1,"53":0,"54":1,"55":1,"56":1,"57":1,"58":1,"59":1,"60":0,"61":1,"62":1,"63":1,"64":4,"65":20,"66":4,"67":1,"68":1,"69":1,"70":1,"71":1,"72":0,"73":1,"74":1,"75":0,"76":1,"77":0,"78":0,"79":0,"80":1,"81":1},"b":{"1":[1,1],"2":[0,1],"3":[0,1],"4":[3,12],"5":[1,1],"6":[0,1],"7":[0,1],"8":[2,1],"9":[1,1],"10":[0,1],"11":[0,1],"12":[0,1],"13":[4,16],"14":[0,1],"15":[0,1]},"f":{"1":1,"2":1,"3":1,"4":1,"5":1,"6":1,"7":1,"8":1,"9":1,"10":1,"11":1,"12":0},"fnMap":{"1":{"name":"(anonymous_1)","line":9,"loc":{"start":{"line":9,"column":30},"end":{"line":9,"column":50}}},"2":{"name":"(anonymous_2)","line":10,"loc":{"start":{"line":10,"column":79},"end":{"line":10,"column":102}}},"3":{"name":"(anonymous_3)","line":20,"loc":{"start":{"line":20,"column":58},"end":{"line":20,"column":82}}},"4":{"name":"(anonymous_4)","line":23,"loc":{"start":{"line":23,"column":33},"end":{"line":23,"column":54}}},"5":{"name":"(anonymous_5)","line":39,"loc":{"start":{"line":39,"column":41},"end":{"line":39,"column":61}}},"6":{"name":"(anonymous_6)","line":41,"loc":{"start":{"line":41,"column":114},"end":{"line":41,"column":133}}},"7":{"name":"(anonymous_7)","line":56,"loc":{"start":{"line":56,"column":41},"end":{"line":56,"column":61}}},"8":{"name":"(anonymous_8)","line":58,"loc":{"start":{"line":58,"column":137},"end":{"line":58,"column":156}}},"9":{"name":"(anonymous_9)","line":70,"loc":{"start":{"line":70,"column":30},"end":{"line":70,"column":54}}},"10":{"name":"(anonymous_10)","line":73,"loc":{"start":{"line":73,"column":31},"end":{"line":73,"column":52}}},"11":{"name":"(anonymous_11)","line":93,"loc":{"start":{"line":93,"column":10},"end":{"line":93,"column":29}}},"12":{"name":"(anonymous_12)","line":96,"loc":{"start":{"line":96,"column":37},"end":{"line":96,"column":55}}}},"statementMap":{"1":{"start":{"line":1,"column":0},"end":{"line":1,"column":39}},"2":{"start":{"line":2,"column":0},"end":{"line":2,"column":45}},"3":{"start":{"line":3,"column":0},"end":{"line":3,"column":41}},"4":{"start":{"line":5,"column":0},"end":{"line":17,"column":3}},"5":{"start":{"line":6,"column":4},"end":{"line":6,"column":29}},"6":{"start":{"line":7,"column":4},"end":{"line":7,"column":72}},"7":{"start":{"line":7,"column":11},"end":{"line":7,"column":72}},"8":{"start":{"line":8,"column":4},"end":{"line":8,"column":27}},"9":{"start":{"line":9,"column":4},"end":{"line":16,"column":7}},"10":{"start":{"line":10,"column":6},"end":{"line":15,"column":9}},"11":{"start":{"line":11,"column":8},"end":{"line":11,"column":35}},"12":{"start":{"line":11,"column":17},"end":{"line":11,"column":34}},"13":{"start":{"line":12,"column":8},"end":{"line":12,"column":47}},"14":{"start":{"line":13,"column":8},"end":{"line":13,"column":85}},"15":{"start":{"line":14,"column":8},"end":{"line":14,"column":75}},"16":{"start":{"line":19,"column":2},"end":{"line":33,"column":3}},"17":{"start":{"line":20,"column":4},"end":{"line":32,"column":9}},"18":{"start":{"line":21,"column":8},"end":{"line":21,"column":27}},"19":{"start":{"line":21,"column":17},"end":{"line":21,"column":27}},"20":{"start":{"line":22,"column":8},"end":{"line":22,"column":27}},"21":{"start":{"line":23,"column":8},"end":{"line":31,"column":10}},"22":{"start":{"line":24,"column":10},"end":{"line":29,"column":13}},"23":{"start":{"line":25,"column":12},"end":{"line":28,"column":14}},"24":{"start":{"line":26,"column":14},"end":{"line":27,"column":36}},"25":{"start":{"line":27,"column":16},"end":{"line":27,"column":36}},"26":{"start":{"line":30,"column":10},"end":{"line":30,"column":49}},"27":{"start":{"line":35,"column":2},"end":{"line":48,"column":3}},"28":{"start":{"line":36,"column":4},"end":{"line":36,"column":34}},"29":{"start":{"line":37,"column":4},"end":{"line":37,"column":35}},"30":{"start":{"line":38,"column":4},"end":{"line":38,"column":78}},"31":{"start":{"line":38,"column":17},"end":{"line":38,"column":78}},"32":{"start":{"line":39,"column":4},"end":{"line":47,"column":6}},"33":{"start":{"line":40,"column":6},"end":{"line":40,"column":33}},"34":{"start":{"line":40,"column":15},"end":{"line":40,"column":32}},"35":{"start":{"line":41,"column":6},"end":{"line":46,"column":8}},"36":{"start":{"line":42,"column":8},"end":{"line":42,"column":35}},"37":{"start":{"line":42,"column":17},"end":{"line":42,"column":34}},"38":{"start":{"line":43,"column":8},"end":{"line":43,"column":47}},"39":{"start":{"line":44,"column":8},"end":{"line":44,"column":78}},"40":{"start":{"line":45,"column":8},"end":{"line":45,"column":67}},"41":{"start":{"line":50,"column":2},"end":{"line":65,"column":3}},"42":{"start":{"line":51,"column":4},"end":{"line":51,"column":34}},"43":{"start":{"line":52,"column":4},"end":{"line":52,"column":47}},"44":{"start":{"line":53,"column":4},"end":{"line":53,"column":35}},"45":{"start":{"line":54,"column":4},"end":{"line":54,"column":41}},"46":{"start":{"line":55,"column":4},"end":{"line":55,"column":76}},"47":{"start":{"line":55,"column":15},"end":{"line":55,"column":76}},"48":{"start":{"line":56,"column":4},"end":{"line":64,"column":6}},"49":{"start":{"line":57,"column":6},"end":{"line":57,"column":33}},"50":{"start":{"line":57,"column":15},"end":{"line":57,"column":32}},"51":{"start":{"line":58,"column":6},"end":{"line":63,"column":8}},"52":{"start":{"line":59,"column":8},"end":{"line":59,"column":35}},"53":{"start":{"line":59,"column":17},"end":{"line":59,"column":34}},"54":{"start":{"line":60,"column":8},"end":{"line":60,"column":47}},"55":{"start":{"line":61,"column":8},"end":{"line":61,"column":83}},"56":{"start":{"line":62,"column":8},"end":{"line":62,"column":74}},"57":{"start":{"line":67,"column":2},"end":{"line":83,"column":3}},"58":{"start":{"line":68,"column":4},"end":{"line":82,"column":6}},"59":{"start":{"line":71,"column":6},"end":{"line":71,"column":33}},"60":{"start":{"line":71,"column":15},"end":{"line":71,"column":32}},"61":{"start":{"line":72,"column":6},"end":{"line":72,"column":25}},"62":{"start":{"line":73,"column":6},"end":{"line":81,"column":8}},"63":{"start":{"line":74,"column":8},"end":{"line":79,"column":11}},"64":{"start":{"line":75,"column":10},"end":{"line":78,"column":12}},"65":{"start":{"line":76,"column":12},"end":{"line":77,"column":34}},"66":{"start":{"line":77,"column":14},"end":{"line":77,"column":34}},"67":{"start":{"line":80,"column":8},"end":{"line":80,"column":54}},"68":{"start":{"line":85,"column":2},"end":{"line":103,"column":3}},"69":{"start":{"line":86,"column":4},"end":{"line":86,"column":34}},"70":{"start":{"line":87,"column":4},"end":{"line":87,"column":44}},"71":{"start":{"line":88,"column":4},"end":{"line":88,"column":91}},"72":{"start":{"line":88,"column":23},"end":{"line":88,"column":91}},"73":{"start":{"line":89,"column":4},"end":{"line":102,"column":6}},"74":{"start":{"line":94,"column":6},"end":{"line":94,"column":33}},"75":{"start":{"line":94,"column":15},"end":{"line":94,"column":32}},"76":{"start":{"line":95,"column":6},"end":{"line":100,"column":7}},"77":{"start":{"line":96,"column":8},"end":{"line":99,"column":10}},"78":{"start":{"line":97,"column":12},"end":{"line":97,"column":26}},"79":{"start":{"line":98,"column":12},"end":{"line":98,"column":22}},"80":{"start":{"line":101,"column":6},"end":{"line":101,"column":46}},"81":{"start":{"line":105,"column":2},"end":{"line":112,"column":4}}},"branchMap":{"1":{"line":7,"type":"if","locations":[{"start":{"line":7,"column":4},"end":{"line":7,"column":4}},{"start":{"line":7,"column":4},"end":{"line":7,"column":4}}]},"2":{"line":11,"type":"if","locations":[{"start":{"line":11,"column":8},"end":{"line":11,"column":8}},{"start":{"line":11,"column":8},"end":{"line":11,"column":8}}]},"3":{"line":21,"type":"if","locations":[{"start":{"line":21,"column":8},"end":{"line":21,"column":8}},{"start":{"line":21,"column":8},"end":{"line":21,"column":8}}]},"4":{"line":26,"type":"if","locations":[{"start":{"line":26,"column":14},"end":{"line":26,"column":14}},{"start":{"line":26,"column":14},"end":{"line":26,"column":14}}]},"5":{"line":38,"type":"if","locations":[{"start":{"line":38,"column":4},"end":{"line":38,"column":4}},{"start":{"line":38,"column":4},"end":{"line":38,"column":4}}]},"6":{"line":40,"type":"if","locations":[{"start":{"line":40,"column":6},"end":{"line":40,"column":6}},{"start":{"line":40,"column":6},"end":{"line":40,"column":6}}]},"7":{"line":42,"type":"if","locations":[{"start":{"line":42,"column":8},"end":{"line":42,"column":8}},{"start":{"line":42,"column":8},"end":{"line":42,"column":8}}]},"8":{"line":54,"type":"binary-expr","locations":[{"start":{"line":54,"column":16},"end":{"line":54,"column":29}},{"start":{"line":54,"column":33},"end":{"line":54,"column":40}}]},"9":{"line":55,"type":"if","locations":[{"start":{"line":55,"column":4},"end":{"line":55,"column":4}},{"start":{"line":55,"column":4},"end":{"line":55,"column":4}}]},"10":{"line":57,"type":"if","locations":[{"start":{"line":57,"column":6},"end":{"line":57,"column":6}},{"start":{"line":57,"column":6},"end":{"line":57,"column":6}}]},"11":{"line":59,"type":"if","locations":[{"start":{"line":59,"column":8},"end":{"line":59,"column":8}},{"start":{"line":59,"column":8},"end":{"line":59,"column":8}}]},"12":{"line":71,"type":"if","locations":[{"start":{"line":71,"column":6},"end":{"line":71,"column":6}},{"start":{"line":71,"column":6},"end":{"line":71,"column":6}}]},"13":{"line":76,"type":"if","locations":[{"start":{"line":76,"column":12},"end":{"line":76,"column":12}},{"start":{"line":76,"column":12},"end":{"line":76,"column":12}}]},"14":{"line":88,"type":"if","locations":[{"start":{"line":88,"column":4},"end":{"line":88,"column":4}},{"start":{"line":88,"column":4},"end":{"line":88,"column":4}}]},"15":{"line":94,"type":"if","locations":[{"start":{"line":94,"column":6},"end":{"line":94,"column":6}},{"start":{"line":94,"column":6},"end":{"line":94,"column":6}}]}}},"/Users/vivi409/Desktop/s18-ESN-A1/controllers/messageSearch.js":{"path":"/Users/vivi409/Desktop/s18-ESN-A1/controllers/messageSearch.js","s":{"1":1,"2":1,"3":1,"4":1,"5":1,"6":3,"7":3,"8":3,"9":3,"10":15,"11":2,"12":3,"13":1,"14":1,"15":1,"16":1,"17":1,"18":1,"19":1,"20":2,"21":2,"22":2,"23":2,"24":1,"25":1,"26":1,"27":1,"28":1},"b":{"1":[2,13]},"f":{"1":3,"2":1,"3":2},"fnMap":{"1":{"name":"(anonymous_1)","line":8,"loc":{"start":{"line":8,"column":27},"end":{"line":8,"column":48}}},"2":{"name":"(anonymous_2)","line":23,"loc":{"start":{"line":23,"column":6},"end":{"line":23,"column":30}}},"3":{"name":"(anonymous_3)","line":33,"loc":{"start":{"line":33,"column":6},"end":{"line":33,"column":30}}}},"statementMap":{"1":{"start":{"line":1,"column":0},"end":{"line":1,"column":39}},"2":{"start":{"line":2,"column":0},"end":{"line":2,"column":45}},"3":{"start":{"line":3,"column":0},"end":{"line":3,"column":41}},"4":{"start":{"line":4,"column":0},"end":{"line":4,"column":40}},"5":{"start":{"line":6,"column":0},"end":{"line":17,"column":1}},"6":{"start":{"line":7,"column":2},"end":{"line":7,"column":21}},"7":{"start":{"line":8,"column":2},"end":{"line":16,"column":4}},"8":{"start":{"line":9,"column":4},"end":{"line":14,"column":7}},"9":{"start":{"line":10,"column":6},"end":{"line":13,"column":8}},"10":{"start":{"line":11,"column":8},"end":{"line":12,"column":30}},"11":{"start":{"line":12,"column":10},"end":{"line":12,"column":30}},"12":{"start":{"line":15,"column":4},"end":{"line":15,"column":43}},"13":{"start":{"line":19,"column":0},"end":{"line":27,"column":1}},"14":{"start":{"line":20,"column":4},"end":{"line":20,"column":28}},"15":{"start":{"line":21,"column":4},"end":{"line":21,"column":32}},"16":{"start":{"line":22,"column":4},"end":{"line":25,"column":7}},"17":{"start":{"line":24,"column":8},"end":{"line":24,"column":30}},"18":{"start":{"line":26,"column":4},"end":{"line":26,"column":27}},"19":{"start":{"line":29,"column":0},"end":{"line":36,"column":1}},"20":{"start":{"line":30,"column":4},"end":{"line":30,"column":28}},"21":{"start":{"line":31,"column":4},"end":{"line":31,"column":32}},"22":{"start":{"line":32,"column":4},"end":{"line":35,"column":7}},"23":{"start":{"line":34,"column":8},"end":{"line":34,"column":30}},"24":{"start":{"line":38,"column":0},"end":{"line":40,"column":1}},"25":{"start":{"line":39,"column":4},"end":{"line":39,"column":28}},"26":{"start":{"line":42,"column":0},"end":{"line":44,"column":1}},"27":{"start":{"line":43,"column":4},"end":{"line":43,"column":28}},"28":{"start":{"line":46,"column":0},"end":{"line":50,"column":2}}},"branchMap":{"1":{"line":11,"type":"if","locations":[{"start":{"line":11,"column":8},"end":{"line":11,"column":8}},{"start":{"line":11,"column":8},"end":{"line":11,"column":8}}]}}},"/Users/vivi409/Desktop/s18-ESN-A1/controllers/regex.js":{"path":"/Users/vivi409/Desktop/s18-ESN-A1/controllers/regex.js","s":{"1":1,"2":3,"3":3,"4":3,"5":3,"6":3,"7":3,"8":3,"9":0,"10":3,"11":1},"b":{},"f":{"1":3},"fnMap":{"1":{"name":"packageWords","line":1,"loc":{"start":{"line":1,"column":0},"end":{"line":1,"column":25}}}},"statementMap":{"1":{"start":{"line":1,"column":0},"end":{"line":12,"column":3}},"2":{"start":{"line":2,"column":4},"end":{"line":2,"column":32}},"3":{"start":{"line":3,"column":4},"end":{"line":3,"column":42}},"4":{"start":{"line":4,"column":4},"end":{"line":4,"column":16}},"5":{"start":{"line":5,"column":4},"end":{"line":5,"column":16}},"6":{"start":{"line":6,"column":4},"end":{"line":6,"column":17}},"7":{"start":{"line":7,"column":4},"end":{"line":7,"column":24}},"8":{"start":{"line":8,"column":4},"end":{"line":10,"column":5}},"9":{"start":{"line":9,"column":6},"end":{"line":9,"column":43}},"10":{"start":{"line":11,"column":4},"end":{"line":11,"column":20}},"11":{"start":{"line":15,"column":2},"end":{"line":15,"column":32}}},"branchMap":{}},"/Users/vivi409/Desktop/s18-ESN-A1/controllers/administer.js":{"path":"/Users/vivi409/Desktop/s18-ESN-A1/controllers/administer.js","s":{"1":1,"2":1,"3":1,"4":1,"5":1,"6":1,"7":1,"8":1,"9":1,"10":1,"11":1,"12":2,"13":2,"14":6,"15":6,"16":6,"17":0,"18":0,"19":0,"20":0,"21":0,"22":0,"23":6,"24":3,"25":6,"26":6,"27":2,"28":2,"29":1,"30":2,"31":0,"32":0,"33":0,"34":0,"35":0,"36":0,"37":0,"38":0,"39":0,"40":2,"41":1,"42":2,"43":0,"44":2,"45":2,"46":0,"47":2,"48":1,"49":2,"50":2,"51":2,"52":2,"53":1,"54":3,"55":1,"56":1,"57":1,"58":0,"59":0,"60":2,"61":1,"62":2,"63":1,"64":4,"65":4,"66":3,"67":0,"68":0,"69":0,"70":0,"71":3,"72":1,"73":1,"74":5,"75":5,"76":1,"77":4,"78":1,"79":6,"80":6,"81":1,"82":5,"83":1,"84":6,"85":6,"86":6,"87":6,"88":6,"89":6,"90":6,"91":3,"92":6,"93":1,"94":6,"95":1},"b":{"1":[0,0],"2":[0,0],"3":[0,0],"4":[3,3],"5":[0,2],"6":[0,2],"7":[0,2],"8":[1,1],"9":[1,2],"10":[3,2,1],"11":[1,0],"12":[1,1],"13":[1,1],"14":[3,1],"15":[0,3],"16":[3,1],"17":[0,0],"18":[0,0],"19":[1,4],"20":[1,5],"21":[3,3],"22":[1,5]},"f":{"1":2,"2":6,"3":0,"4":0,"5":0,"6":0,"7":0,"8":1,"9":4,"10":0,"11":5,"12":6},"fnMap":{"1":{"name":"(anonymous_1)","line":13,"loc":{"start":{"line":13,"column":25},"end":{"line":13,"column":51}}},"2":{"name":"(anonymous_2)","line":14,"loc":{"start":{"line":14,"column":27},"end":{"line":14,"column":46}}},"3":{"name":"(anonymous_3)","line":17,"loc":{"start":{"line":17,"column":30},"end":{"line":17,"column":49}}},"4":{"name":"(anonymous_4)","line":42,"loc":{"start":{"line":42,"column":53},"end":{"line":42,"column":77}}},"5":{"name":"(anonymous_5)","line":43,"loc":{"start":{"line":43,"column":29},"end":{"line":43,"column":43}}},"6":{"name":"(anonymous_6)","line":47,"loc":{"start":{"line":47,"column":57},"end":{"line":47,"column":81}}},"7":{"name":"(anonymous_7)","line":48,"loc":{"start":{"line":48,"column":33},"end":{"line":48,"column":47}}},"8":{"name":"(anonymous_8)","line":74,"loc":{"start":{"line":74,"column":47},"end":{"line":74,"column":67}}},"9":{"name":"(anonymous_9)","line":89,"loc":{"start":{"line":89,"column":46},"end":{"line":89,"column":66}}},"10":{"name":"(anonymous_10)","line":92,"loc":{"start":{"line":92,"column":55},"end":{"line":92,"column":75}}},"11":{"name":"(anonymous_11)","line":109,"loc":{"start":{"line":109,"column":46},"end":{"line":109,"column":66}}},"12":{"name":"(anonymous_12)","line":115,"loc":{"start":{"line":115,"column":43},"end":{"line":115,"column":63}}}},"statementMap":{"1":{"start":{"line":1,"column":0},"end":{"line":1,"column":39}},"2":{"start":{"line":2,"column":0},"end":{"line":2,"column":45}},"3":{"start":{"line":3,"column":0},"end":{"line":3,"column":47}},"4":{"start":{"line":4,"column":0},"end":{"line":4,"column":31}},"5":{"start":{"line":5,"column":0},"end":{"line":5,"column":44}},"6":{"start":{"line":6,"column":0},"end":{"line":6,"column":36}},"7":{"start":{"line":7,"column":0},"end":{"line":7,"column":33}},"8":{"start":{"line":8,"column":0},"end":{"line":8,"column":41}},"9":{"start":{"line":9,"column":0},"end":{"line":9,"column":22}},"10":{"start":{"line":11,"column":0},"end":{"line":11,"column":24}},"11":{"start":{"line":12,"column":0},"end":{"line":38,"column":1}},"12":{"start":{"line":13,"column":4},"end":{"line":37,"column":6}},"13":{"start":{"line":14,"column":8},"end":{"line":33,"column":11}},"14":{"start":{"line":15,"column":12},"end":{"line":15,"column":47}},"15":{"start":{"line":16,"column":12},"end":{"line":16,"column":34}},"16":{"start":{"line":17,"column":12},"end":{"line":28,"column":15}},"17":{"start":{"line":18,"column":16},"end":{"line":27,"column":17}},"18":{"start":{"line":19,"column":20},"end":{"line":19,"column":48}},"19":{"start":{"line":21,"column":21},"end":{"line":27,"column":17}},"20":{"start":{"line":22,"column":20},"end":{"line":26,"column":21}},"21":{"start":{"line":23,"column":24},"end":{"line":23,"column":59}},"22":{"start":{"line":25,"column":24},"end":{"line":25,"column":59}},"23":{"start":{"line":29,"column":12},"end":{"line":30,"column":33}},"24":{"start":{"line":30,"column":16},"end":{"line":30,"column":33}},"25":{"start":{"line":31,"column":12},"end":{"line":31,"column":46}},"26":{"start":{"line":32,"column":12},"end":{"line":32,"column":28}},"27":{"start":{"line":34,"column":8},"end":{"line":34,"column":47}},"28":{"start":{"line":36,"column":8},"end":{"line":36,"column":111}},"29":{"start":{"line":40,"column":0},"end":{"line":59,"column":1}},"30":{"start":{"line":41,"column":4},"end":{"line":58,"column":5}},"31":{"start":{"line":42,"column":8},"end":{"line":54,"column":10}},"32":{"start":{"line":43,"column":12},"end":{"line":46,"column":15}},"33":{"start":{"line":44,"column":16},"end":{"line":44,"column":45}},"34":{"start":{"line":45,"column":16},"end":{"line":45,"column":27}},"35":{"start":{"line":47,"column":12},"end":{"line":53,"column":14}},"36":{"start":{"line":48,"column":16},"end":{"line":51,"column":19}},"37":{"start":{"line":49,"column":20},"end":{"line":49,"column":49}},"38":{"start":{"line":50,"column":20},"end":{"line":50,"column":31}},"39":{"start":{"line":52,"column":16},"end":{"line":52,"column":48}},"40":{"start":{"line":57,"column":8},"end":{"line":57,"column":40}},"41":{"start":{"line":60,"column":0},"end":{"line":71,"column":1}},"42":{"start":{"line":61,"column":4},"end":{"line":61,"column":56}},"43":{"start":{"line":61,"column":24},"end":{"line":61,"column":56}},"44":{"start":{"line":62,"column":4},"end":{"line":62,"column":23}},"45":{"start":{"line":63,"column":4},"end":{"line":65,"column":5}},"46":{"start":{"line":64,"column":8},"end":{"line":64,"column":67}},"47":{"start":{"line":66,"column":4},"end":{"line":66,"column":64}},"48":{"start":{"line":66,"column":35},"end":{"line":66,"column":64}},"49":{"start":{"line":67,"column":4},"end":{"line":67,"column":16}},"50":{"start":{"line":68,"column":4},"end":{"line":68,"column":19}},"51":{"start":{"line":69,"column":4},"end":{"line":69,"column":29}},"52":{"start":{"line":70,"column":4},"end":{"line":70,"column":61}},"53":{"start":{"line":72,"column":0},"end":{"line":87,"column":1}},"54":{"start":{"line":73,"column":4},"end":{"line":86,"column":5}},"55":{"start":{"line":74,"column":8},"end":{"line":80,"column":10}},"56":{"start":{"line":75,"column":12},"end":{"line":77,"column":13}},"57":{"start":{"line":76,"column":16},"end":{"line":76,"column":99}},"58":{"start":{"line":78,"column":12},"end":{"line":78,"column":43}},"59":{"start":{"line":79,"column":12},"end":{"line":79,"column":40}},"60":{"start":{"line":83,"column":8},"end":{"line":84,"column":43}},"61":{"start":{"line":84,"column":12},"end":{"line":84,"column":43}},"62":{"start":{"line":85,"column":8},"end":{"line":85,"column":36}},"63":{"start":{"line":88,"column":0},"end":{"line":107,"column":1}},"64":{"start":{"line":89,"column":4},"end":{"line":106,"column":6}},"65":{"start":{"line":90,"column":8},"end":{"line":105,"column":9}},"66":{"start":{"line":91,"column":12},"end":{"line":101,"column":13}},"67":{"start":{"line":92,"column":16},"end":{"line":97,"column":18}},"68":{"start":{"line":93,"column":20},"end":{"line":95,"column":21}},"69":{"start":{"line":94,"column":24},"end":{"line":94,"column":114}},"70":{"start":{"line":96,"column":20},"end":{"line":96,"column":53}},"71":{"start":{"line":100,"column":16},"end":{"line":100,"column":49}},"72":{"start":{"line":104,"column":12},"end":{"line":104,"column":69}},"73":{"start":{"line":108,"column":0},"end":{"line":113,"column":1}},"74":{"start":{"line":109,"column":4},"end":{"line":112,"column":7}},"75":{"start":{"line":110,"column":8},"end":{"line":110,"column":82}},"76":{"start":{"line":110,"column":17},"end":{"line":110,"column":82}},"77":{"start":{"line":111,"column":8},"end":{"line":111,"column":42}},"78":{"start":{"line":114,"column":0},"end":{"line":121,"column":1}},"79":{"start":{"line":115,"column":4},"end":{"line":120,"column":6}},"80":{"start":{"line":116,"column":8},"end":{"line":118,"column":9}},"81":{"start":{"line":117,"column":12},"end":{"line":117,"column":84}},"82":{"start":{"line":119,"column":8},"end":{"line":119,"column":37}},"83":{"start":{"line":122,"column":0},"end":{"line":132,"column":3}},"84":{"start":{"line":123,"column":4},"end":{"line":123,"column":17}},"85":{"start":{"line":124,"column":4},"end":{"line":124,"column":43}},"86":{"start":{"line":125,"column":4},"end":{"line":125,"column":43}},"87":{"start":{"line":126,"column":4},"end":{"line":126,"column":37}},"88":{"start":{"line":127,"column":4},"end":{"line":127,"column":39}},"89":{"start":{"line":128,"column":4},"end":{"line":128,"column":37}},"90":{"start":{"line":129,"column":4},"end":{"line":129,"column":62}},"91":{"start":{"line":129,"column":22},"end":{"line":129,"column":62}},"92":{"start":{"line":130,"column":4},"end":{"line":130,"column":59}},"93":{"start":{"line":130,"column":21},"end":{"line":130,"column":59}},"94":{"start":{"line":131,"column":4},"end":{"line":131,"column":34}},"95":{"start":{"line":133,"column":2},"end":{"line":135,"column":4}}},"branchMap":{"1":{"line":18,"type":"if","locations":[{"start":{"line":18,"column":16},"end":{"line":18,"column":16}},{"start":{"line":18,"column":16},"end":{"line":18,"column":16}}]},"2":{"line":21,"type":"if","locations":[{"start":{"line":21,"column":21},"end":{"line":21,"column":21}},{"start":{"line":21,"column":21},"end":{"line":21,"column":21}}]},"3":{"line":22,"type":"if","locations":[{"start":{"line":22,"column":20},"end":{"line":22,"column":20}},{"start":{"line":22,"column":20},"end":{"line":22,"column":20}}]},"4":{"line":29,"type":"if","locations":[{"start":{"line":29,"column":12},"end":{"line":29,"column":12}},{"start":{"line":29,"column":12},"end":{"line":29,"column":12}}]},"5":{"line":41,"type":"if","locations":[{"start":{"line":41,"column":4},"end":{"line":41,"column":4}},{"start":{"line":41,"column":4},"end":{"line":41,"column":4}}]},"6":{"line":61,"type":"if","locations":[{"start":{"line":61,"column":4},"end":{"line":61,"column":4}},{"start":{"line":61,"column":4},"end":{"line":61,"column":4}}]},"7":{"line":63,"type":"if","locations":[{"start":{"line":63,"column":4},"end":{"line":63,"column":4}},{"start":{"line":63,"column":4},"end":{"line":63,"column":4}}]},"8":{"line":66,"type":"if","locations":[{"start":{"line":66,"column":4},"end":{"line":66,"column":4}},{"start":{"line":66,"column":4},"end":{"line":66,"column":4}}]},"9":{"line":73,"type":"if","locations":[{"start":{"line":73,"column":4},"end":{"line":73,"column":4}},{"start":{"line":73,"column":4},"end":{"line":73,"column":4}}]},"10":{"line":73,"type":"binary-expr","locations":[{"start":{"line":73,"column":7},"end":{"line":73,"column":34}},{"start":{"line":73,"column":38},"end":{"line":73,"column":58}},{"start":{"line":73,"column":62},"end":{"line":73,"column":81}}]},"11":{"line":75,"type":"if","locations":[{"start":{"line":75,"column":12},"end":{"line":75,"column":12}},{"start":{"line":75,"column":12},"end":{"line":75,"column":12}}]},"12":{"line":75,"type":"binary-expr","locations":[{"start":{"line":75,"column":15},"end":{"line":75,"column":20}},{"start":{"line":75,"column":24},"end":{"line":75,"column":42}}]},"13":{"line":83,"type":"if","locations":[{"start":{"line":83,"column":8},"end":{"line":83,"column":8}},{"start":{"line":83,"column":8},"end":{"line":83,"column":8}}]},"14":{"line":90,"type":"if","locations":[{"start":{"line":90,"column":8},"end":{"line":90,"column":8}},{"start":{"line":90,"column":8},"end":{"line":90,"column":8}}]},"15":{"line":91,"type":"if","locations":[{"start":{"line":91,"column":12},"end":{"line":91,"column":12}},{"start":{"line":91,"column":12},"end":{"line":91,"column":12}}]},"16":{"line":91,"type":"binary-expr","locations":[{"start":{"line":91,"column":15},"end":{"line":91,"column":35}},{"start":{"line":91,"column":39},"end":{"line":91,"column":57}}]},"17":{"line":93,"type":"if","locations":[{"start":{"line":93,"column":20},"end":{"line":93,"column":20}},{"start":{"line":93,"column":20},"end":{"line":93,"column":20}}]},"18":{"line":93,"type":"binary-expr","locations":[{"start":{"line":93,"column":23},"end":{"line":93,"column":28}},{"start":{"line":93,"column":32},"end":{"line":93,"column":50}}]},"19":{"line":110,"type":"if","locations":[{"start":{"line":110,"column":8},"end":{"line":110,"column":8}},{"start":{"line":110,"column":8},"end":{"line":110,"column":8}}]},"20":{"line":116,"type":"if","locations":[{"start":{"line":116,"column":8},"end":{"line":116,"column":8}},{"start":{"line":116,"column":8},"end":{"line":116,"column":8}}]},"21":{"line":129,"type":"if","locations":[{"start":{"line":129,"column":4},"end":{"line":129,"column":4}},{"start":{"line":129,"column":4},"end":{"line":129,"column":4}}]},"22":{"line":130,"type":"if","locations":[{"start":{"line":130,"column":4},"end":{"line":130,"column":4}},{"start":{"line":130,"column":4},"end":{"line":130,"column":4}}]}}},"/Users/vivi409/Desktop/s18-ESN-A1/models/activity.js":{"path":"/Users/vivi409/Desktop/s18-ESN-A1/models/activity.js","s":{"1":1,"2":1,"3":1,"4":2,"5":2,"6":2,"7":1,"8":1,"9":5,"10":4},"b":{},"f":{"1":2,"2":1,"3":1,"4":5,"5":4},"fnMap":{"1":{"name":"(anonymous_1)","line":6,"loc":{"start":{"line":6,"column":17},"end":{"line":6,"column":33}}},"2":{"name":"(anonymous_2)","line":12,"loc":{"start":{"line":12,"column":17},"end":{"line":12,"column":40}}},"3":{"name":"(anonymous_3)","line":16,"loc":{"start":{"line":16,"column":19},"end":{"line":16,"column":33}}},"4":{"name":"(anonymous_4)","line":20,"loc":{"start":{"line":20,"column":15},"end":{"line":20,"column":31}}},"5":{"name":"(anonymous_5)","line":24,"loc":{"start":{"line":24,"column":18},"end":{"line":24,"column":34}}}},"statementMap":{"1":{"start":{"line":2,"column":0},"end":{"line":2,"column":43}},"2":{"start":{"line":3,"column":0},"end":{"line":3,"column":51}},"3":{"start":{"line":5,"column":0},"end":{"line":27,"column":2}},"4":{"start":{"line":7,"column":8},"end":{"line":7,"column":50}},"5":{"start":{"line":8,"column":8},"end":{"line":8,"column":35}},"6":{"start":{"line":9,"column":8},"end":{"line":9,"column":27}},"7":{"start":{"line":13,"column":8},"end":{"line":13,"column":52}},"8":{"start":{"line":17,"column":8},"end":{"line":17,"column":45}},"9":{"start":{"line":21,"column":8},"end":{"line":21,"column":50}},"10":{"start":{"line":25,"column":8},"end":{"line":25,"column":53}}},"branchMap":{}},"/Users/vivi409/Desktop/s18-ESN-A1/schemas/activity.js":{"path":"/Users/vivi409/Desktop/s18-ESN-A1/schemas/activity.js","s":{"1":1,"2":1,"3":1,"4":1,"5":1},"b":{},"f":{},"fnMap":{},"statementMap":{"1":{"start":{"line":3,"column":0},"end":{"line":3,"column":37}},"2":{"start":{"line":4,"column":0},"end":{"line":4,"column":31}},"3":{"start":{"line":5,"column":0},"end":{"line":5,"column":33}},"4":{"start":{"line":7,"column":0},"end":{"line":17,"column":3}},"5":{"start":{"line":19,"column":0},"end":{"line":19,"column":60}}},"branchMap":{}},"/Users/vivi409/Desktop/s18-ESN-A1/controllers/activity.js":{"path":"/Users/vivi409/Desktop/s18-ESN-A1/controllers/activity.js","s":{"1":1,"2":1,"3":1,"4":1,"5":1,"6":1,"7":1,"8":1,"9":0,"10":0,"11":0,"12":0,"13":0,"14":0,"15":0,"16":0,"17":0,"18":0,"19":0,"20":0,"21":0,"22":0,"23":0,"24":0,"25":1,"26":1,"27":1,"28":1,"29":0,"30":1,"31":1,"32":2,"33":2,"34":1,"35":1,"36":1,"37":1,"38":1,"39":1,"40":1,"41":1,"42":1,"43":0,"44":0,"45":1,"46":1,"47":0,"48":1,"49":1,"50":1,"51":1,"52":1,"53":2,"54":2,"55":2,"56":2,"57":1,"58":1,"59":1,"60":1,"61":1,"62":1,"63":0,"64":1,"65":1,"66":0,"67":1,"68":0,"69":1,"70":1,"71":1,"72":1,"73":1,"74":1,"75":0,"76":1,"77":2,"78":2,"79":2,"80":1,"81":1,"82":1,"83":1,"84":1,"85":1,"86":0,"87":1,"88":1,"89":1,"90":1,"91":1,"92":0,"93":1},"b":{"1":[0,0],"2":[0,0],"3":[0,1],"4":[1,1],"5":[2,1,1,1,1,1],"6":[0,1],"7":[0,1],"8":[1,1],"9":[2,1],"10":[1,0],"11":[1,0],"12":[0,1],"13":[0,1],"14":[1,1],"15":[1,0],"16":[1,0]},"f":{"1":0,"2":0,"3":0,"4":0,"5":1,"6":1,"7":1,"8":1,"9":1,"10":1},"fnMap":{"1":{"name":"(anonymous_1)","line":9,"loc":{"start":{"line":9,"column":42},"end":{"line":9,"column":53}}},"2":{"name":"(anonymous_2)","line":15,"loc":{"start":{"line":15,"column":60},"end":{"line":15,"column":86}}},"3":{"name":"(anonymous_3)","line":23,"loc":{"start":{"line":23,"column":53},"end":{"line":23,"column":74}}},"4":{"name":"(anonymous_4)","line":33,"loc":{"start":{"line":33,"column":5},"end":{"line":33,"column":17}}},"5":{"name":"(anonymous_5)","line":43,"loc":{"start":{"line":43,"column":43},"end":{"line":43,"column":69}}},"6":{"name":"(anonymous_6)","line":63,"loc":{"start":{"line":63,"column":42},"end":{"line":63,"column":66}}},"7":{"name":"(anonymous_7)","line":70,"loc":{"start":{"line":70,"column":71},"end":{"line":70,"column":95}}},"8":{"name":"(anonymous_8)","line":91,"loc":{"start":{"line":91,"column":42},"end":{"line":91,"column":66}}},"9":{"name":"(anonymous_9)","line":92,"loc":{"start":{"line":92,"column":45},"end":{"line":92,"column":66}}},"10":{"name":"(anonymous_10)","line":130,"loc":{"start":{"line":130,"column":42},"end":{"line":130,"column":66}}}},"statementMap":{"1":{"start":{"line":1,"column":0},"end":{"line":1,"column":39}},"2":{"start":{"line":2,"column":0},"end":{"line":2,"column":45}},"3":{"start":{"line":3,"column":0},"end":{"line":3,"column":47}},"4":{"start":{"line":4,"column":0},"end":{"line":4,"column":41}},"5":{"start":{"line":5,"column":0},"end":{"line":5,"column":38}},"6":{"start":{"line":6,"column":0},"end":{"line":6,"column":41}},"7":{"start":{"line":7,"column":0},"end":{"line":7,"column":57}},"8":{"start":{"line":9,"column":0},"end":{"line":38,"column":2}},"9":{"start":{"line":11,"column":4},"end":{"line":11,"column":32}},"10":{"start":{"line":12,"column":4},"end":{"line":12,"column":25}},"11":{"start":{"line":13,"column":4},"end":{"line":13,"column":46}},"12":{"start":{"line":14,"column":4},"end":{"line":14,"column":46}},"13":{"start":{"line":15,"column":4},"end":{"line":31,"column":7}},"14":{"start":{"line":16,"column":8},"end":{"line":16,"column":27}},"15":{"start":{"line":16,"column":17},"end":{"line":16,"column":27}},"16":{"start":{"line":17,"column":8},"end":{"line":30,"column":9}},"17":{"start":{"line":18,"column":12},"end":{"line":18,"column":41}},"18":{"start":{"line":19,"column":12},"end":{"line":19,"column":47}},"19":{"start":{"line":20,"column":12},"end":{"line":29,"column":13}},"20":{"start":{"line":21,"column":16},"end":{"line":21,"column":46}},"21":{"start":{"line":22,"column":16},"end":{"line":22,"column":91}},"22":{"start":{"line":23,"column":16},"end":{"line":27,"column":19}},"23":{"start":{"line":24,"column":20},"end":{"line":26,"column":21}},"24":{"start":{"line":25,"column":24},"end":{"line":25,"column":89}},"25":{"start":{"line":40,"column":0},"end":{"line":40,"column":12}},"26":{"start":{"line":42,"column":0},"end":{"line":47,"column":1}},"27":{"start":{"line":43,"column":4},"end":{"line":46,"column":7}},"28":{"start":{"line":44,"column":8},"end":{"line":44,"column":27}},"29":{"start":{"line":44,"column":17},"end":{"line":44,"column":27}},"30":{"start":{"line":45,"column":8},"end":{"line":45,"column":41}},"31":{"start":{"line":49,"column":0},"end":{"line":80,"column":1}},"32":{"start":{"line":50,"column":4},"end":{"line":50,"column":28}},"33":{"start":{"line":51,"column":4},"end":{"line":54,"column":5}},"34":{"start":{"line":53,"column":8},"end":{"line":53,"column":66}},"35":{"start":{"line":55,"column":4},"end":{"line":55,"column":38}},"36":{"start":{"line":56,"column":4},"end":{"line":56,"column":44}},"37":{"start":{"line":57,"column":4},"end":{"line":57,"column":39}},"38":{"start":{"line":58,"column":4},"end":{"line":58,"column":35}},"39":{"start":{"line":59,"column":4},"end":{"line":59,"column":31}},"40":{"start":{"line":60,"column":4},"end":{"line":60,"column":50}},"41":{"start":{"line":63,"column":4},"end":{"line":77,"column":7}},"42":{"start":{"line":64,"column":8},"end":{"line":67,"column":9}},"43":{"start":{"line":65,"column":12},"end":{"line":65,"column":43}},"44":{"start":{"line":66,"column":12},"end":{"line":66,"column":80}},"45":{"start":{"line":69,"column":8},"end":{"line":76,"column":11}},"46":{"start":{"line":71,"column":12},"end":{"line":71,"column":39}},"47":{"start":{"line":71,"column":21},"end":{"line":71,"column":38}},"48":{"start":{"line":72,"column":12},"end":{"line":72,"column":51}},"49":{"start":{"line":73,"column":12},"end":{"line":73,"column":45}},"50":{"start":{"line":74,"column":12},"end":{"line":74,"column":86}},"51":{"start":{"line":75,"column":12},"end":{"line":75,"column":79}},"52":{"start":{"line":82,"column":0},"end":{"line":120,"column":1}},"53":{"start":{"line":83,"column":4},"end":{"line":83,"column":31}},"54":{"start":{"line":84,"column":4},"end":{"line":84,"column":31}},"55":{"start":{"line":85,"column":4},"end":{"line":85,"column":34}},"56":{"start":{"line":87,"column":4},"end":{"line":89,"column":5}},"57":{"start":{"line":88,"column":8},"end":{"line":88,"column":64}},"58":{"start":{"line":91,"column":4},"end":{"line":119,"column":7}},"59":{"start":{"line":92,"column":8},"end":{"line":117,"column":11}},"60":{"start":{"line":93,"column":12},"end":{"line":98,"column":13}},"61":{"start":{"line":94,"column":16},"end":{"line":94,"column":35}},"62":{"start":{"line":95,"column":16},"end":{"line":95,"column":28}},"63":{"start":{"line":97,"column":16},"end":{"line":97,"column":73}},"64":{"start":{"line":100,"column":12},"end":{"line":115,"column":13}},"65":{"start":{"line":101,"column":16},"end":{"line":103,"column":17}},"66":{"start":{"line":102,"column":20},"end":{"line":102,"column":88}},"67":{"start":{"line":104,"column":16},"end":{"line":106,"column":17}},"68":{"start":{"line":105,"column":20},"end":{"line":105,"column":96}},"69":{"start":{"line":107,"column":16},"end":{"line":107,"column":52}},"70":{"start":{"line":108,"column":16},"end":{"line":108,"column":52}},"71":{"start":{"line":109,"column":16},"end":{"line":109,"column":32}},"72":{"start":{"line":110,"column":16},"end":{"line":110,"column":55}},"73":{"start":{"line":111,"column":16},"end":{"line":111,"column":116}},"74":{"start":{"line":112,"column":16},"end":{"line":112,"column":75}},"75":{"start":{"line":114,"column":16},"end":{"line":114,"column":77}},"76":{"start":{"line":122,"column":0},"end":{"line":147,"column":1}},"77":{"start":{"line":123,"column":4},"end":{"line":123,"column":31}},"78":{"start":{"line":124,"column":4},"end":{"line":124,"column":34}},"79":{"start":{"line":126,"column":4},"end":{"line":128,"column":5}},"80":{"start":{"line":127,"column":8},"end":{"line":127,"column":64}},"81":{"start":{"line":130,"column":4},"end":{"line":146,"column":7}},"82":{"start":{"line":131,"column":8},"end":{"line":145,"column":9}},"83":{"start":{"line":132,"column":12},"end":{"line":132,"column":63}},"84":{"start":{"line":133,"column":12},"end":{"line":137,"column":13}},"85":{"start":{"line":134,"column":16},"end":{"line":134,"column":52}},"86":{"start":{"line":136,"column":16},"end":{"line":136,"column":88}},"87":{"start":{"line":138,"column":12},"end":{"line":138,"column":48}},"88":{"start":{"line":139,"column":12},"end":{"line":139,"column":28}},"89":{"start":{"line":140,"column":12},"end":{"line":140,"column":51}},"90":{"start":{"line":141,"column":12},"end":{"line":141,"column":112}},"91":{"start":{"line":142,"column":12},"end":{"line":142,"column":73}},"92":{"start":{"line":144,"column":12},"end":{"line":144,"column":73}},"93":{"start":{"line":149,"column":0},"end":{"line":154,"column":2}}},"branchMap":{"1":{"line":16,"type":"if","locations":[{"start":{"line":16,"column":8},"end":{"line":16,"column":8}},{"start":{"line":16,"column":8},"end":{"line":16,"column":8}}]},"2":{"line":24,"type":"if","locations":[{"start":{"line":24,"column":20},"end":{"line":24,"column":20}},{"start":{"line":24,"column":20},"end":{"line":24,"column":20}}]},"3":{"line":44,"type":"if","locations":[{"start":{"line":44,"column":8},"end":{"line":44,"column":8}},{"start":{"line":44,"column":8},"end":{"line":44,"column":8}}]},"4":{"line":51,"type":"if","locations":[{"start":{"line":51,"column":4},"end":{"line":51,"column":4}},{"start":{"line":51,"column":4},"end":{"line":51,"column":4}}]},"5":{"line":51,"type":"binary-expr","locations":[{"start":{"line":51,"column":7},"end":{"line":51,"column":22}},{"start":{"line":51,"column":26},"end":{"line":51,"column":44}},{"start":{"line":51,"column":48},"end":{"line":51,"column":67}},{"start":{"line":52,"column":11},"end":{"line":52,"column":28}},{"start":{"line":52,"column":32},"end":{"line":52,"column":47}},{"start":{"line":52,"column":51},"end":{"line":52,"column":72}}]},"6":{"line":64,"type":"if","locations":[{"start":{"line":64,"column":8},"end":{"line":64,"column":8}},{"start":{"line":64,"column":8},"end":{"line":64,"column":8}}]},"7":{"line":71,"type":"if","locations":[{"start":{"line":71,"column":12},"end":{"line":71,"column":12}},{"start":{"line":71,"column":12},"end":{"line":71,"column":12}}]},"8":{"line":87,"type":"if","locations":[{"start":{"line":87,"column":4},"end":{"line":87,"column":4}},{"start":{"line":87,"column":4},"end":{"line":87,"column":4}}]},"9":{"line":87,"type":"binary-expr","locations":[{"start":{"line":87,"column":8},"end":{"line":87,"column":14}},{"start":{"line":87,"column":18},"end":{"line":87,"column":24}}]},"10":{"line":93,"type":"if","locations":[{"start":{"line":93,"column":12},"end":{"line":93,"column":12}},{"start":{"line":93,"column":12},"end":{"line":93,"column":12}}]},"11":{"line":100,"type":"if","locations":[{"start":{"line":100,"column":12},"end":{"line":100,"column":12}},{"start":{"line":100,"column":12},"end":{"line":100,"column":12}}]},"12":{"line":101,"type":"if","locations":[{"start":{"line":101,"column":16},"end":{"line":101,"column":16}},{"start":{"line":101,"column":16},"end":{"line":101,"column":16}}]},"13":{"line":104,"type":"if","locations":[{"start":{"line":104,"column":16},"end":{"line":104,"column":16}},{"start":{"line":104,"column":16},"end":{"line":104,"column":16}}]},"14":{"line":126,"type":"if","locations":[{"start":{"line":126,"column":4},"end":{"line":126,"column":4}},{"start":{"line":126,"column":4},"end":{"line":126,"column":4}}]},"15":{"line":131,"type":"if","locations":[{"start":{"line":131,"column":8},"end":{"line":131,"column":8}},{"start":{"line":131,"column":8},"end":{"line":131,"column":8}}]},"16":{"line":133,"type":"if","locations":[{"start":{"line":133,"column":12},"end":{"line":133,"column":12}},{"start":{"line":133,"column":12},"end":{"line":133,"column":12}}]}}},"/Users/vivi409/Desktop/s18-ESN-A1/controllers/emailNotification.js":{"path":"/Users/vivi409/Desktop/s18-ESN-A1/controllers/emailNotification.js","s":{"1":1,"2":1,"3":1,"4":2,"5":2,"6":2,"7":2,"8":2,"9":2,"10":2,"11":2,"12":2,"13":1,"14":1,"15":1,"16":0,"17":0,"18":0,"19":1},"b":{"1":[0,0]},"f":{"1":0},"fnMap":{"1":{"name":"(anonymous_1)","line":34,"loc":{"start":{"line":34,"column":38},"end":{"line":34,"column":59}}}},"statementMap":{"1":{"start":{"line":1,"column":0},"end":{"line":1,"column":41}},"2":{"start":{"line":3,"column":0},"end":{"line":9,"column":3}},"3":{"start":{"line":11,"column":0},"end":{"line":23,"column":1}},"4":{"start":{"line":12,"column":4},"end":{"line":12,"column":45}},"5":{"start":{"line":13,"column":4},"end":{"line":13,"column":95}},"6":{"start":{"line":14,"column":4},"end":{"line":14,"column":42}},"7":{"start":{"line":15,"column":4},"end":{"line":15,"column":59}},"8":{"start":{"line":16,"column":4},"end":{"line":16,"column":54}},"9":{"start":{"line":17,"column":4},"end":{"line":17,"column":68}},"10":{"start":{"line":18,"column":4},"end":{"line":18,"column":54}},"11":{"start":{"line":19,"column":4},"end":{"line":20,"column":68}},"12":{"start":{"line":21,"column":4},"end":{"line":21,"column":19}},"13":{"start":{"line":26,"column":0},"end":{"line":40,"column":1}},"14":{"start":{"line":27,"column":4},"end":{"line":32,"column":6}},"15":{"start":{"line":34,"column":4},"end":{"line":39,"column":7}},"16":{"start":{"line":35,"column":7},"end":{"line":38,"column":27}},"17":{"start":{"line":36,"column":9},"end":{"line":36,"column":25}},"18":{"start":{"line":38,"column":9},"end":{"line":38,"column":27}},"19":{"start":{"line":42,"column":0},"end":{"line":45,"column":1}}},"branchMap":{"1":{"line":35,"type":"if","locations":[{"start":{"line":35,"column":7},"end":{"line":35,"column":7}},{"start":{"line":35,"column":7},"end":{"line":35,"column":7}}]}}},"/Users/vivi409/Desktop/s18-ESN-A1/auth/authToken.js":{"path":"/Users/vivi409/Desktop/s18-ESN-A1/auth/authToken.js","s":{"1":1,"2":1,"3":1,"4":1,"5":1,"6":44,"7":44,"8":1,"9":43,"10":43,"11":1,"12":42,"13":42,"14":0,"15":42,"16":42,"17":42,"18":42,"19":1},"b":{"1":[1,43],"2":[1,42],"3":[0,42]},"f":{"1":44,"2":43,"3":42},"fnMap":{"1":{"name":"authToken","line":7,"loc":{"start":{"line":7,"column":0},"end":{"line":7,"column":35}}},"2":{"name":"(anonymous_2)","line":12,"loc":{"start":{"line":12,"column":40},"end":{"line":12,"column":64}}},"3":{"name":"(anonymous_3)","line":16,"loc":{"start":{"line":16,"column":51},"end":{"line":16,"column":71}}}},"statementMap":{"1":{"start":{"line":1,"column":0},"end":{"line":1,"column":44}},"2":{"start":{"line":2,"column":0},"end":{"line":2,"column":36}},"3":{"start":{"line":3,"column":0},"end":{"line":3,"column":33}},"4":{"start":{"line":4,"column":0},"end":{"line":4,"column":39}},"5":{"start":{"line":7,"column":0},"end":{"line":24,"column":1}},"6":{"start":{"line":8,"column":4},"end":{"line":8,"column":48}},"7":{"start":{"line":9,"column":4},"end":{"line":11,"column":5}},"8":{"start":{"line":10,"column":8},"end":{"line":10,"column":78}},"9":{"start":{"line":12,"column":4},"end":{"line":23,"column":6}},"10":{"start":{"line":13,"column":8},"end":{"line":15,"column":9}},"11":{"start":{"line":14,"column":12},"end":{"line":14,"column":90}},"12":{"start":{"line":16,"column":8},"end":{"line":22,"column":10}},"13":{"start":{"line":17,"column":12},"end":{"line":17,"column":88}},"14":{"start":{"line":17,"column":22},"end":{"line":17,"column":88}},"15":{"start":{"line":18,"column":12},"end":{"line":18,"column":35}},"16":{"start":{"line":19,"column":12},"end":{"line":19,"column":40}},"17":{"start":{"line":20,"column":12},"end":{"line":20,"column":44}},"18":{"start":{"line":21,"column":12},"end":{"line":21,"column":19}},"19":{"start":{"line":26,"column":0},"end":{"line":26,"column":27}}},"branchMap":{"1":{"line":9,"type":"if","locations":[{"start":{"line":9,"column":4},"end":{"line":9,"column":4}},{"start":{"line":9,"column":4},"end":{"line":9,"column":4}}]},"2":{"line":13,"type":"if","locations":[{"start":{"line":13,"column":8},"end":{"line":13,"column":8}},{"start":{"line":13,"column":8},"end":{"line":13,"column":8}}]},"3":{"line":17,"type":"if","locations":[{"start":{"line":17,"column":12},"end":{"line":17,"column":12}},{"start":{"line":17,"column":12},"end":{"line":17,"column":12}}]}}},"/Users/vivi409/Desktop/s18-ESN-A1/controllers/voiceMessg.js":{"path":"/Users/vivi409/Desktop/s18-ESN-A1/controllers/voiceMessg.js","s":{"1":1,"2":1,"3":1,"4":1,"5":2,"6":2,"7":2,"8":2,"9":2,"10":1,"11":1,"12":1,"13":0,"14":1,"15":1,"16":0,"17":1,"18":1,"19":1,"20":1,"21":2,"22":2,"23":1,"24":1,"25":1,"26":1,"27":1,"28":0,"29":1,"30":1,"31":1,"32":1,"33":2,"34":2,"35":2,"36":1,"37":1,"38":1,"39":0,"40":1,"41":1,"42":0,"43":1,"44":1,"45":1,"46":1,"47":1,"48":1,"49":1,"50":1},"b":{"1":[2,1],"2":[1,1],"3":[0,1],"4":[0,1],"5":[1,1],"6":[0,1],"7":[1,1],"8":[0,1],"9":[0,1]},"f":{"1":1,"2":1,"3":1,"4":1,"5":1,"6":1},"fnMap":{"1":{"name":"(anonymous_1)","line":11,"loc":{"start":{"line":11,"column":41},"end":{"line":11,"column":61}}},"2":{"name":"(anonymous_2)","line":13,"loc":{"start":{"line":13,"column":154},"end":{"line":13,"column":173}}},"3":{"name":"(anonymous_3)","line":26,"loc":{"start":{"line":26,"column":30},"end":{"line":26,"column":50}}},"4":{"name":"(anonymous_4)","line":27,"loc":{"start":{"line":27,"column":94},"end":{"line":27,"column":117}}},"5":{"name":"(anonymous_5)","line":41,"loc":{"start":{"line":41,"column":41},"end":{"line":41,"column":61}}},"6":{"name":"(anonymous_6)","line":43,"loc":{"start":{"line":43,"column":129},"end":{"line":43,"column":148}}}},"statementMap":{"1":{"start":{"line":1,"column":0},"end":{"line":1,"column":39}},"2":{"start":{"line":2,"column":0},"end":{"line":2,"column":45}},"3":{"start":{"line":3,"column":0},"end":{"line":3,"column":41}},"4":{"start":{"line":5,"column":0},"end":{"line":20,"column":1}},"5":{"start":{"line":6,"column":4},"end":{"line":6,"column":34}},"6":{"start":{"line":7,"column":4},"end":{"line":7,"column":47}},"7":{"start":{"line":8,"column":4},"end":{"line":8,"column":35}},"8":{"start":{"line":9,"column":4},"end":{"line":9,"column":41}},"9":{"start":{"line":10,"column":4},"end":{"line":10,"column":76}},"10":{"start":{"line":10,"column":15},"end":{"line":10,"column":76}},"11":{"start":{"line":11,"column":4},"end":{"line":19,"column":6}},"12":{"start":{"line":12,"column":8},"end":{"line":12,"column":35}},"13":{"start":{"line":12,"column":17},"end":{"line":12,"column":34}},"14":{"start":{"line":13,"column":8},"end":{"line":18,"column":10}},"15":{"start":{"line":14,"column":10},"end":{"line":14,"column":37}},"16":{"start":{"line":14,"column":19},"end":{"line":14,"column":36}},"17":{"start":{"line":15,"column":10},"end":{"line":15,"column":49}},"18":{"start":{"line":16,"column":10},"end":{"line":16,"column":79}},"19":{"start":{"line":17,"column":10},"end":{"line":17,"column":76}},"20":{"start":{"line":22,"column":0},"end":{"line":34,"column":1}},"21":{"start":{"line":23,"column":4},"end":{"line":23,"column":29}},"22":{"start":{"line":24,"column":4},"end":{"line":24,"column":72}},"23":{"start":{"line":24,"column":11},"end":{"line":24,"column":72}},"24":{"start":{"line":25,"column":4},"end":{"line":25,"column":27}},"25":{"start":{"line":26,"column":4},"end":{"line":33,"column":7}},"26":{"start":{"line":27,"column":6},"end":{"line":32,"column":9}},"27":{"start":{"line":28,"column":8},"end":{"line":28,"column":35}},"28":{"start":{"line":28,"column":17},"end":{"line":28,"column":34}},"29":{"start":{"line":29,"column":8},"end":{"line":29,"column":47}},"30":{"start":{"line":30,"column":8},"end":{"line":30,"column":90}},"31":{"start":{"line":31,"column":8},"end":{"line":31,"column":75}},"32":{"start":{"line":37,"column":0},"end":{"line":50,"column":1}},"33":{"start":{"line":38,"column":4},"end":{"line":38,"column":34}},"34":{"start":{"line":39,"column":4},"end":{"line":39,"column":35}},"35":{"start":{"line":40,"column":4},"end":{"line":40,"column":78}},"36":{"start":{"line":40,"column":17},"end":{"line":40,"column":78}},"37":{"start":{"line":41,"column":4},"end":{"line":49,"column":6}},"38":{"start":{"line":42,"column":6},"end":{"line":42,"column":33}},"39":{"start":{"line":42,"column":15},"end":{"line":42,"column":32}},"40":{"start":{"line":43,"column":6},"end":{"line":48,"column":8}},"41":{"start":{"line":44,"column":8},"end":{"line":44,"column":35}},"42":{"start":{"line":44,"column":17},"end":{"line":44,"column":34}},"43":{"start":{"line":45,"column":8},"end":{"line":45,"column":47}},"44":{"start":{"line":46,"column":8},"end":{"line":46,"column":79}},"45":{"start":{"line":47,"column":8},"end":{"line":47,"column":66}},"46":{"start":{"line":53,"column":0},"end":{"line":57,"column":1}},"47":{"start":{"line":54,"column":2},"end":{"line":54,"column":23}},"48":{"start":{"line":55,"column":2},"end":{"line":55,"column":41}},"49":{"start":{"line":56,"column":2},"end":{"line":56,"column":63}},"50":{"start":{"line":60,"column":0},"end":{"line":65,"column":2}}},"branchMap":{"1":{"line":9,"type":"binary-expr","locations":[{"start":{"line":9,"column":16},"end":{"line":9,"column":29}},{"start":{"line":9,"column":33},"end":{"line":9,"column":40}}]},"2":{"line":10,"type":"if","locations":[{"start":{"line":10,"column":4},"end":{"line":10,"column":4}},{"start":{"line":10,"column":4},"end":{"line":10,"column":4}}]},"3":{"line":12,"type":"if","locations":[{"start":{"line":12,"column":8},"end":{"line":12,"column":8}},{"start":{"line":12,"column":8},"end":{"line":12,"column":8}}]},"4":{"line":14,"type":"if","locations":[{"start":{"line":14,"column":10},"end":{"line":14,"column":10}},{"start":{"line":14,"column":10},"end":{"line":14,"column":10}}]},"5":{"line":24,"type":"if","locations":[{"start":{"line":24,"column":4},"end":{"line":24,"column":4}},{"start":{"line":24,"column":4},"end":{"line":24,"column":4}}]},"6":{"line":28,"type":"if","locations":[{"start":{"line":28,"column":8},"end":{"line":28,"column":8}},{"start":{"line":28,"column":8},"end":{"line":28,"column":8}}]},"7":{"line":40,"type":"if","locations":[{"start":{"line":40,"column":4},"end":{"line":40,"column":4}},{"start":{"line":40,"column":4},"end":{"line":40,"column":4}}]},"8":{"line":42,"type":"if","locations":[{"start":{"line":42,"column":6},"end":{"line":42,"column":6}},{"start":{"line":42,"column":6},"end":{"line":42,"column":6}}]},"9":{"line":44,"type":"if","locations":[{"start":{"line":44,"column":8},"end":{"line":44,"column":8}},{"start":{"line":44,"column":8},"end":{"line":44,"column":8}}]}}},"/Users/vivi409/Desktop/s18-ESN-A1/socket/socket.js":{"path":"/Users/vivi409/Desktop/s18-ESN-A1/socket/socket.js","s":{"1":1,"2":1,"3":1,"4":1,"5":0,"6":0,"7":0,"8":0,"9":0,"10":0,"11":0,"12":0,"13":0,"14":0,"15":0,"16":0,"17":0,"18":1,"19":0,"20":0,"21":0,"22":0,"23":0,"24":1,"25":0,"26":0,"27":0,"28":0,"29":0,"30":0,"31":0,"32":1,"33":0,"34":0,"35":0,"36":1,"37":1,"38":0,"39":0,"40":0,"41":1,"42":1,"43":1,"44":1,"45":1,"46":1,"47":1},"b":{"1":[0,0],"2":[0,0],"3":[0,0],"4":[0,0]},"f":{"1":0,"2":0,"3":0,"4":0,"5":0,"6":0,"7":0,"8":1,"9":1},"fnMap":{"1":{"name":"(anonymous_1)","line":8,"loc":{"start":{"line":8,"column":31},"end":{"line":8,"column":45}}},"2":{"name":"(anonymous_2)","line":12,"loc":{"start":{"line":12,"column":48},"end":{"line":12,"column":68}}},"3":{"name":"(anonymous_3)","line":17,"loc":{"start":{"line":17,"column":61},"end":{"line":17,"column":80}}},"4":{"name":"(anonymous_4)","line":32,"loc":{"start":{"line":32,"column":32},"end":{"line":32,"column":47}}},"5":{"name":"(anonymous_5)","line":36,"loc":{"start":{"line":36,"column":48},"end":{"line":36,"column":68}}},"6":{"name":"(anonymous_6)","line":43,"loc":{"start":{"line":43,"column":32},"end":{"line":43,"column":47}}},"7":{"name":"(anonymous_7)","line":44,"loc":{"start":{"line":44,"column":49},"end":{"line":44,"column":69}}},"8":{"name":"(anonymous_8)","line":50,"loc":{"start":{"line":50,"column":13},"end":{"line":50,"column":26}}},"9":{"name":"(anonymous_9)","line":58,"loc":{"start":{"line":58,"column":11},"end":{"line":58,"column":25}}}},"statementMap":{"1":{"start":{"line":3,"column":0},"end":{"line":3,"column":39}},"2":{"start":{"line":4,"column":0},"end":{"line":4,"column":45}},"3":{"start":{"line":5,"column":0},"end":{"line":5,"column":33}},"4":{"start":{"line":7,"column":0},"end":{"line":22,"column":1}},"5":{"start":{"line":8,"column":4},"end":{"line":21,"column":6}},"6":{"start":{"line":9,"column":8},"end":{"line":9,"column":38}},"7":{"start":{"line":10,"column":8},"end":{"line":10,"column":29}},"8":{"start":{"line":11,"column":8},"end":{"line":11,"column":26}},"9":{"start":{"line":11,"column":19},"end":{"line":11,"column":26}},"10":{"start":{"line":12,"column":8},"end":{"line":20,"column":10}},"11":{"start":{"line":13,"column":12},"end":{"line":13,"column":29}},"12":{"start":{"line":13,"column":22},"end":{"line":13,"column":29}},"13":{"start":{"line":14,"column":12},"end":{"line":14,"column":38}},"14":{"start":{"line":15,"column":12},"end":{"line":15,"column":24}},"15":{"start":{"line":16,"column":12},"end":{"line":16,"column":76}},"16":{"start":{"line":17,"column":12},"end":{"line":19,"column":14}},"17":{"start":{"line":18,"column":16},"end":{"line":18,"column":75}},"18":{"start":{"line":24,"column":0},"end":{"line":29,"column":1}},"19":{"start":{"line":25,"column":4},"end":{"line":25,"column":21}},"20":{"start":{"line":25,"column":14},"end":{"line":25,"column":21}},"21":{"start":{"line":26,"column":4},"end":{"line":26,"column":27}},"22":{"start":{"line":27,"column":4},"end":{"line":27,"column":16}},"23":{"start":{"line":28,"column":4},"end":{"line":28,"column":69}},"24":{"start":{"line":31,"column":0},"end":{"line":40,"column":1}},"25":{"start":{"line":32,"column":4},"end":{"line":39,"column":6}},"26":{"start":{"line":33,"column":8},"end":{"line":33,"column":38}},"27":{"start":{"line":34,"column":8},"end":{"line":34,"column":29}},"28":{"start":{"line":35,"column":8},"end":{"line":35,"column":26}},"29":{"start":{"line":35,"column":19},"end":{"line":35,"column":26}},"30":{"start":{"line":36,"column":8},"end":{"line":38,"column":11}},"31":{"start":{"line":37,"column":12},"end":{"line":37,"column":34}},"32":{"start":{"line":42,"column":0},"end":{"line":48,"column":1}},"33":{"start":{"line":43,"column":4},"end":{"line":47,"column":6}},"34":{"start":{"line":44,"column":8},"end":{"line":46,"column":11}},"35":{"start":{"line":45,"column":12},"end":{"line":45,"column":34}},"36":{"start":{"line":50,"column":0},"end":{"line":56,"column":2}},"37":{"start":{"line":51,"column":4},"end":{"line":55,"column":6}},"38":{"start":{"line":52,"column":8},"end":{"line":52,"column":26}},"39":{"start":{"line":53,"column":8},"end":{"line":53,"column":27}},"40":{"start":{"line":54,"column":8},"end":{"line":54,"column":31}},"41":{"start":{"line":58,"column":0},"end":{"line":64,"column":2}},"42":{"start":{"line":59,"column":4},"end":{"line":59,"column":43}},"43":{"start":{"line":60,"column":4},"end":{"line":60,"column":40}},"44":{"start":{"line":61,"column":4},"end":{"line":61,"column":15}},"45":{"start":{"line":62,"column":4},"end":{"line":62,"column":28}},"46":{"start":{"line":63,"column":1},"end":{"line":63,"column":13}},"47":{"start":{"line":66,"column":0},"end":{"line":66,"column":22}}},"branchMap":{"1":{"line":11,"type":"if","locations":[{"start":{"line":11,"column":8},"end":{"line":11,"column":8}},{"start":{"line":11,"column":8},"end":{"line":11,"column":8}}]},"2":{"line":13,"type":"if","locations":[{"start":{"line":13,"column":12},"end":{"line":13,"column":12}},{"start":{"line":13,"column":12},"end":{"line":13,"column":12}}]},"3":{"line":25,"type":"if","locations":[{"start":{"line":25,"column":4},"end":{"line":25,"column":4}},{"start":{"line":25,"column":4},"end":{"line":25,"column":4}}]},"4":{"line":35,"type":"if","locations":[{"start":{"line":35,"column":8},"end":{"line":35,"column":8}},{"start":{"line":35,"column":8},"end":{"line":35,"column":8}}]}}},"/Users/vivi409/Desktop/s18-ESN-A1/models/status.js":{"path":"/Users/vivi409/Desktop/s18-ESN-A1/models/status.js","s":{"1":1,"2":4,"3":1,"4":1,"5":1,"6":1},"b":{"1":[1,1,1,1]},"f":{"1":4},"fnMap":{"1":{"name":"(anonymous_1)","line":4,"loc":{"start":{"line":4,"column":14},"end":{"line":4,"column":22}}}},"statementMap":{"1":{"start":{"line":3,"column":0},"end":{"line":16,"column":1}},"2":{"start":{"line":5,"column":8},"end":{"line":14,"column":9}},"3":{"start":{"line":7,"column":16},"end":{"line":7,"column":25}},"4":{"start":{"line":9,"column":16},"end":{"line":9,"column":25}},"5":{"start":{"line":11,"column":16},"end":{"line":11,"column":25}},"6":{"start":{"line":13,"column":16},"end":{"line":13,"column":25}}},"branchMap":{"1":{"line":5,"type":"switch","locations":[{"start":{"line":6,"column":12},"end":{"line":7,"column":25}},{"start":{"line":8,"column":12},"end":{"line":9,"column":25}},{"start":{"line":10,"column":12},"end":{"line":11,"column":25}},{"start":{"line":12,"column":12},"end":{"line":13,"column":25}}]}}}}