TN:
SF:/Users/vivi409/Desktop/s18-ESN-A1/models/user.js
FN:6,(anonymous_1)
FN:10,(anonymous_2)
FN:16,(anonymous_3)
FN:20,(anonymous_4)
FN:24,(anonymous_5)
FN:28,(anonymous_6)
FN:33,(anonymous_7)
FNF:7
FNH:6
FNDA:1,(anonymous_1)
FNDA:2,(anonymous_2)
FNDA:33,(anonymous_3)
FNDA:3,(anonymous_4)
FNDA:15,(anonymous_5)
FNDA:109,(anonymous_6)
FNDA:0,(anonymous_7)
DA:2,1
DA:3,1
DA:5,1
DA:7,1
DA:11,2
DA:12,2
DA:13,2
DA:17,33
DA:21,3
DA:25,15
DA:29,109
DA:34,0
LF:12
LH:11
BRF:0
BRH:0
end_of_record
TN:
SF:/Users/vivi409/Desktop/s18-ESN-A1/schemas/user.js
FNF:0
FNH:0
DA:3,1
DA:4,1
DA:5,1
DA:7,1
DA:27,1
DA:28,1
LF:6
LH:6
BRF:0
BRH:0
end_of_record
TN:
SF:/Users/vivi409/Desktop/s18-ESN-A1/schemas/message.js
FNF:0
FNH:0
DA:3,1
DA:4,1
DA:5,1
DA:9,1
DA:28,1
LF:5
LH:5
BRF:0
BRH:0
end_of_record
TN:
SF:/Users/vivi409/Desktop/s18-ESN-A1/app.js
FN:56,(anonymous_1)
FN:63,(anonymous_2)
FNF:2
FNH:2
FNDA:1,(anonymous_1)
FNDA:1,(anonymous_2)
DA:1,1
DA:2,1
DA:3,1
DA:4,1
DA:5,1
DA:6,1
DA:9,1
DA:11,1
DA:14,1
DA:15,1
DA:17,1
DA:20,1
DA:21,1
DA:25,1
DA:27,1
DA:28,1
DA:30,1
DA:32,1
DA:34,1
DA:36,1
DA:40,1
DA:47,1
DA:51,1
DA:52,1
DA:53,1
DA:56,1
DA:57,1
DA:58,1
DA:59,1
DA:63,1
DA:65,1
DA:66,1
DA:69,1
DA:70,1
DA:73,1
DA:74,1
DA:75,1
DA:77,1
LF:38
LH:38
BRDA:66,1,0,1
BRDA:66,1,1,0
BRDA:69,2,0,1
BRDA:69,2,1,0
BRDA:73,3,0,1
BRDA:73,3,1,1
BRF:6
BRH:4
end_of_record
TN:
SF:/Users/vivi409/Desktop/s18-ESN-A1/routes/index.js
FNF:0
FNH:0
DA:1,1
DA:2,1
DA:3,1
DA:4,1
DA:5,1
DA:6,1
DA:7,1
DA:8,1
DA:10,1
DA:11,1
DA:12,1
DA:14,1
DA:15,1
DA:16,1
DA:17,1
DA:18,1
DA:19,1
DA:20,1
DA:22,1
DA:23,1
DA:24,1
DA:25,1
DA:27,1
DA:28,1
DA:29,1
DA:30,1
DA:31,1
DA:32,1
DA:33,1
DA:34,1
DA:35,1
DA:36,1
DA:38,1
DA:39,1
DA:40,1
DA:41,1
DA:43,1
LF:37
LH:37
BRF:0
BRH:0
end_of_record
TN:
SF:/Users/vivi409/Desktop/s18-ESN-A1/controllers/userJoin.js
FN:15,(anonymous_1)
FN:33,(anonymous_2)
FN:51,(anonymous_3)
FN:58,(anonymous_4)
FN:74,(anonymous_5)
FNF:5
FNH:5
FNDA:1,(anonymous_1)
FNDA:33,(anonymous_2)
FNDA:2,(anonymous_3)
FNDA:1,(anonymous_4)
FNDA:35,(anonymous_5)
DA:1,1
DA:2,1
DA:3,1
DA:4,1
DA:5,1
DA:6,1
DA:7,1
DA:8,1
DA:10,1
DA:15,1
DA:16,1
DA:17,0
DA:27,1
DA:28,33
DA:31,33
DA:34,33
DA:35,33
DA:39,1
DA:40,4
DA:41,4
DA:42,4
DA:43,4
DA:44,4
DA:45,3
DA:46,3
DA:47,3
DA:48,3
DA:49,1
DA:51,2
DA:52,2
DA:53,1
DA:54,1
DA:59,1
DA:60,0
DA:62,1
DA:67,1
DA:68,36
DA:69,36
DA:70,36
DA:71,36
DA:72,35
DA:73,35
DA:74,35
DA:75,35
DA:76,35
DA:77,2
DA:79,33
DA:80,0
DA:82,33
DA:83,33
DA:84,1
DA:86,32
DA:90,1
LF:53
LH:50
BRDA:16,1,0,0
BRDA:16,1,1,1
BRDA:34,2,0,0
BRDA:34,2,1,33
BRDA:43,3,0,4
BRDA:43,3,1,3
BRDA:43,3,2,3
BRDA:44,4,0,1
BRDA:44,4,1,3
BRDA:48,5,0,1
BRDA:48,5,1,2
BRDA:52,6,0,1
BRDA:52,6,1,1
BRDA:59,7,0,0
BRDA:59,7,1,1
BRDA:70,8,0,36
BRDA:70,8,1,36
BRDA:71,9,0,1
BRDA:71,9,1,35
BRDA:75,10,0,0
BRDA:75,10,1,35
BRDA:76,11,0,2
BRDA:76,11,1,33
BRDA:79,12,0,0
BRDA:79,12,1,33
BRDA:83,13,0,1
BRDA:83,13,1,32
BRF:27
BRH:22
end_of_record
TN:
SF:/Users/vivi409/Desktop/s18-ESN-A1/models/message.js
FN:6,(anonymous_1)
FN:12,(anonymous_2)
FN:16,(anonymous_3)
FN:20,(anonymous_4)
FN:24,(anonymous_5)
FNF:5
FNH:5
FNDA:8,(anonymous_1)
FNDA:1,(anonymous_2)
FNDA:1,(anonymous_3)
FNDA:16,(anonymous_4)
FNDA:1,(anonymous_5)
DA:2,1
DA:3,1
DA:5,1
DA:7,8
DA:8,8
DA:9,8
DA:13,1
DA:17,1
DA:21,16
DA:25,1
LF:10
LH:10
BRF:0
BRH:0
end_of_record
TN:
SF:/Users/vivi409/Desktop/s18-ESN-A1/configs/config.js
FNF:0
FNH:0
DA:3,1
DA:4,1
DA:7,1
LF:3
LH:3
BRF:0
BRH:0
end_of_record
TN:
SF:/Users/vivi409/Desktop/s18-ESN-A1/socket/event.js
FN:26,(anonymous_1)
FNF:1
FNH:1
FNDA:13,(anonymous_1)
DA:4,1
DA:27,13
LF:2
LH:2
BRF:0
BRH:0
end_of_record
TN:
SF:/Users/vivi409/Desktop/s18-ESN-A1/controllers/userUpdate.js
FN:15,(anonymous_1)
FN:21,(anonymous_2)
FN:27,(anonymous_3)
FN:30,(anonymous_4)
FN:42,(anonymous_5)
FN:63,(anonymous_6)
FNF:6
FNH:6
FNDA:1,(anonymous_1)
FNDA:1,(anonymous_2)
FNDA:1,(anonymous_3)
FNDA:1,(anonymous_4)
FNDA:1,(anonymous_5)
FNDA:1,(anonymous_6)
DA:1,1
DA:2,1
DA:3,1
DA:4,1
DA:5,1
DA:6,1
DA:7,1
DA:9,1
DA:11,1
DA:13,1
DA:15,1
DA:16,1
DA:17,1
DA:18,1
DA:20,1
DA:22,1
DA:28,1
DA:31,1
DA:32,1
DA:37,1
DA:38,2
DA:39,2
DA:40,2
DA:41,1
DA:42,1
DA:43,1
DA:44,1
DA:45,1
DA:46,1
DA:47,1
DA:48,1
DA:49,1
DA:52,0
DA:56,1
DA:57,2
DA:58,2
DA:59,2
DA:60,2
DA:61,1
DA:62,1
DA:63,1
DA:64,1
DA:65,1
DA:66,1
DA:67,1
DA:68,1
DA:69,1
DA:70,1
DA:71,1
DA:73,0
DA:78,1
LF:51
LH:49
BRDA:17,1,0,1
BRDA:17,1,1,0
BRDA:31,2,0,0
BRDA:31,2,1,1
BRDA:40,3,0,1
BRDA:40,3,1,1
BRDA:43,4,0,0
BRDA:43,4,1,1
BRDA:44,5,0,1
BRDA:44,5,1,0
BRDA:60,6,0,1
BRDA:60,6,1,1
BRDA:60,7,0,2
BRDA:60,7,1,1
BRDA:64,8,0,0
BRDA:64,8,1,1
BRDA:65,9,0,1
BRDA:65,9,1,0
BRF:18
BRH:12
end_of_record
TN:
SF:/Users/vivi409/Desktop/s18-ESN-A1/controllers/userSearch.js
FN:13,(anonymous_1)
FN:17,(anonymous_2)
FNF:2
FNH:2
FNDA:5,(anonymous_1)
FNDA:5,(anonymous_2)
DA:1,1
DA:2,1
DA:3,1
DA:4,1
DA:5,1
DA:6,1
DA:7,1
DA:8,1
DA:10,1
DA:11,1
DA:13,5
DA:14,5
DA:15,5
DA:17,5
DA:18,5
DA:19,5
DA:23,1
DA:24,1
DA:25,1
DA:26,1
DA:27,1
DA:28,1
DA:29,1
DA:31,1
DA:32,4
DA:34,4
DA:35,4
DA:36,4
DA:38,1
DA:39,1
DA:41,1
DA:42,1
DA:44,1
DA:45,1
DA:47,1
DA:48,1
DA:50,4
DA:51,4
DA:52,4
DA:54,1
LF:40
LH:40
BRDA:14,1,0,5
BRDA:14,1,1,0
BRDA:25,2,0,0
BRDA:25,2,1,1
BRDA:36,3,0,1
BRDA:36,3,1,1
BRDA:36,3,2,1
BRDA:36,3,3,1
BRF:8
BRH:6
end_of_record
TN:
SF:/Users/vivi409/Desktop/s18-ESN-A1/controllers/messageChat.js
FN:9,(anonymous_1)
FN:10,(anonymous_2)
FN:20,(anonymous_3)
FN:23,(anonymous_4)
FN:39,(anonymous_5)
FN:41,(anonymous_6)
FN:56,(anonymous_7)
FN:58,(anonymous_8)
FN:70,(anonymous_9)
FN:73,(anonymous_10)
FN:93,(anonymous_11)
FN:96,(anonymous_12)
FNF:12
FNH:11
FNDA:1,(anonymous_1)
FNDA:1,(anonymous_2)
FNDA:1,(anonymous_3)
FNDA:1,(anonymous_4)
FNDA:1,(anonymous_5)
FNDA:1,(anonymous_6)
FNDA:1,(anonymous_7)
FNDA:1,(anonymous_8)
FNDA:1,(anonymous_9)
FNDA:1,(anonymous_10)
FNDA:1,(anonymous_11)
FNDA:0,(anonymous_12)
DA:1,1
DA:2,1
DA:3,1
DA:5,1
DA:6,2
DA:7,2
DA:8,1
DA:9,1
DA:10,1
DA:11,1
DA:12,1
DA:13,1
DA:14,1
DA:19,1
DA:20,1
DA:21,1
DA:22,1
DA:23,1
DA:24,1
DA:25,3
DA:26,15
DA:27,3
DA:30,1
DA:35,1
DA:36,2
DA:37,2
DA:38,2
DA:39,1
DA:40,1
DA:41,1
DA:42,1
DA:43,1
DA:44,1
DA:45,1
DA:50,1
DA:51,2
DA:52,2
DA:53,2
DA:54,2
DA:55,2
DA:56,1
DA:57,1
DA:58,1
DA:59,1
DA:60,1
DA:61,1
DA:62,1
DA:67,1
DA:68,1
DA:71,1
DA:72,1
DA:73,1
DA:74,1
DA:75,4
DA:76,20
DA:77,4
DA:80,1
DA:85,1
DA:86,1
DA:87,1
DA:88,1
DA:89,1
DA:94,1
DA:95,1
DA:96,0
DA:97,0
DA:98,0
DA:101,1
DA:105,1
LF:69
LH:66
BRDA:7,1,0,1
BRDA:7,1,1,1
BRDA:11,2,0,0
BRDA:11,2,1,1
BRDA:21,3,0,0
BRDA:21,3,1,1
BRDA:26,4,0,3
BRDA:26,4,1,12
BRDA:38,5,0,1
BRDA:38,5,1,1
BRDA:40,6,0,0
BRDA:40,6,1,1
BRDA:42,7,0,0
BRDA:42,7,1,1
BRDA:54,8,0,2
BRDA:54,8,1,1
BRDA:55,9,0,1
BRDA:55,9,1,1
BRDA:57,10,0,0
BRDA:57,10,1,1
BRDA:59,11,0,0
BRDA:59,11,1,1
BRDA:71,12,0,0
BRDA:71,12,1,1
BRDA:76,13,0,4
BRDA:76,13,1,16
BRDA:88,14,0,0
BRDA:88,14,1,1
BRDA:94,15,0,0
BRDA:94,15,1,1
BRF:30
BRH:21
end_of_record
TN:
SF:/Users/vivi409/Desktop/s18-ESN-A1/controllers/messageSearch.js
FN:8,(anonymous_1)
FN:23,(anonymous_2)
FN:33,(anonymous_3)
FNF:3
FNH:3
FNDA:3,(anonymous_1)
FNDA:1,(anonymous_2)
FNDA:2,(anonymous_3)
DA:1,1
DA:2,1
DA:3,1
DA:4,1
DA:6,1
DA:7,3
DA:8,3
DA:9,3
DA:10,3
DA:11,15
DA:12,2
DA:15,3
DA:19,1
DA:20,1
DA:21,1
DA:22,1
DA:24,1
DA:26,1
DA:29,1
DA:30,2
DA:31,2
DA:32,2
DA:34,2
DA:38,1
DA:39,1
DA:42,1
DA:43,1
DA:46,1
LF:28
LH:28
BRDA:11,1,0,2
BRDA:11,1,1,13
BRF:2
BRH:2
end_of_record
TN:
SF:/Users/vivi409/Desktop/s18-ESN-A1/controllers/regex.js
FN:1,packageWords
FNF:1
FNH:1
FNDA:3,packageWords
DA:1,1
DA:2,3
DA:3,3
DA:4,3
DA:5,3
DA:6,3
DA:7,3
DA:8,3
DA:9,0
DA:11,3
DA:15,1
LF:11
LH:10
BRF:0
BRH:0
end_of_record
TN:
SF:/Users/vivi409/Desktop/s18-ESN-A1/controllers/administer.js
FN:13,(anonymous_1)
FN:14,(anonymous_2)
FN:17,(anonymous_3)
FN:42,(anonymous_4)
FN:43,(anonymous_5)
FN:47,(anonymous_6)
FN:48,(anonymous_7)
FN:74,(anonymous_8)
FN:89,(anonymous_9)
FN:92,(anonymous_10)
FN:109,(anonymous_11)
FN:115,(anonymous_12)
FNF:12
FNH:6
FNDA:2,(anonymous_1)
FNDA:6,(anonymous_2)
FNDA:0,(anonymous_3)
FNDA:0,(anonymous_4)
FNDA:0,(anonymous_5)
FNDA:0,(anonymous_6)
FNDA:0,(anonymous_7)
FNDA:1,(anonymous_8)
FNDA:4,(anonymous_9)
FNDA:0,(anonymous_10)
FNDA:5,(anonymous_11)
FNDA:6,(anonymous_12)
DA:1,1
DA:2,1
DA:3,1
DA:4,1
DA:5,1
DA:6,1
DA:7,1
DA:8,1
DA:9,1
DA:11,1
DA:12,1
DA:13,2
DA:14,2
DA:15,6
DA:16,6
DA:17,6
DA:18,0
DA:19,0
DA:21,0
DA:22,0
DA:23,0
DA:25,0
DA:29,6
DA:30,3
DA:31,6
DA:32,6
DA:34,2
DA:36,2
DA:40,1
DA:41,2
DA:42,0
DA:43,0
DA:44,0
DA:45,0
DA:47,0
DA:48,0
DA:49,0
DA:50,0
DA:52,0
DA:57,2
DA:60,1
DA:61,2
DA:62,2
DA:63,2
DA:64,0
DA:66,2
DA:67,2
DA:68,2
DA:69,2
DA:70,2
DA:72,1
DA:73,3
DA:74,1
DA:75,1
DA:76,1
DA:78,0
DA:79,0
DA:83,2
DA:84,1
DA:85,2
DA:88,1
DA:89,4
DA:90,4
DA:91,3
DA:92,0
DA:93,0
DA:94,0
DA:96,0
DA:100,3
DA:104,1
DA:108,1
DA:109,5
DA:110,5
DA:111,4
DA:114,1
DA:115,6
DA:116,6
DA:117,1
DA:119,5
DA:122,1
DA:123,6
DA:124,6
DA:125,6
DA:126,6
DA:127,6
DA:128,6
DA:129,6
DA:130,6
DA:131,6
DA:133,1
LF:90
LH:68
BRDA:18,1,0,0
BRDA:18,1,1,0
BRDA:21,2,0,0
BRDA:21,2,1,0
BRDA:22,3,0,0
BRDA:22,3,1,0
BRDA:29,4,0,3
BRDA:29,4,1,3
BRDA:41,5,0,0
BRDA:41,5,1,2
BRDA:61,6,0,0
BRDA:61,6,1,2
BRDA:63,7,0,0
BRDA:63,7,1,2
BRDA:66,8,0,1
BRDA:66,8,1,1
BRDA:73,9,0,1
BRDA:73,9,1,2
BRDA:73,10,0,3
BRDA:73,10,1,2
BRDA:73,10,2,1
BRDA:75,11,0,1
BRDA:75,11,1,0
BRDA:75,12,0,1
BRDA:75,12,1,1
BRDA:83,13,0,1
BRDA:83,13,1,1
BRDA:90,14,0,3
BRDA:90,14,1,1
BRDA:91,15,0,0
BRDA:91,15,1,3
BRDA:91,16,0,3
BRDA:91,16,1,1
BRDA:93,17,0,0
BRDA:93,17,1,0
BRDA:93,18,0,0
BRDA:93,18,1,0
BRDA:110,19,0,1
BRDA:110,19,1,4
BRDA:116,20,0,1
BRDA:116,20,1,5
BRDA:129,21,0,3
BRDA:129,21,1,3
BRDA:130,22,0,1
BRDA:130,22,1,5
BRF:45
BRH:30
end_of_record
TN:
SF:/Users/vivi409/Desktop/s18-ESN-A1/models/activity.js
FN:6,(anonymous_1)
FN:12,(anonymous_2)
FN:16,(anonymous_3)
FN:20,(anonymous_4)
FN:24,(anonymous_5)
FNF:5
FNH:5
FNDA:2,(anonymous_1)
FNDA:1,(anonymous_2)
FNDA:1,(anonymous_3)
FNDA:5,(anonymous_4)
FNDA:4,(anonymous_5)
DA:2,1
DA:3,1
DA:5,1
DA:7,2
DA:8,2
DA:9,2
DA:13,1
DA:17,1
DA:21,5
DA:25,4
LF:10
LH:10
BRF:0
BRH:0
end_of_record
TN:
SF:/Users/vivi409/Desktop/s18-ESN-A1/schemas/activity.js
FNF:0
FNH:0
DA:3,1
DA:4,1
DA:5,1
DA:7,1
DA:19,1
LF:5
LH:5
BRF:0
BRH:0
end_of_record
TN:
SF:/Users/vivi409/Desktop/s18-ESN-A1/controllers/activity.js
FN:9,(anonymous_1)
FN:15,(anonymous_2)
FN:23,(anonymous_3)
FN:33,(anonymous_4)
FN:43,(anonymous_5)
FN:63,(anonymous_6)
FN:70,(anonymous_7)
FN:91,(anonymous_8)
FN:92,(anonymous_9)
FN:130,(anonymous_10)
FNF:10
FNH:6
FNDA:0,(anonymous_1)
FNDA:0,(anonymous_2)
FNDA:0,(anonymous_3)
FNDA:0,(anonymous_4)
FNDA:1,(anonymous_5)
FNDA:1,(anonymous_6)
FNDA:1,(anonymous_7)
FNDA:1,(anonymous_8)
FNDA:1,(anonymous_9)
FNDA:1,(anonymous_10)
DA:1,1
DA:2,1
DA:3,1
DA:4,1
DA:5,1
DA:6,1
DA:7,1
DA:9,1
DA:11,0
DA:12,0
DA:13,0
DA:14,0
DA:15,0
DA:16,0
DA:17,0
DA:18,0
DA:19,0
DA:20,0
DA:21,0
DA:22,0
DA:23,0
DA:24,0
DA:25,0
DA:40,1
DA:42,1
DA:43,1
DA:44,1
DA:45,1
DA:49,1
DA:50,2
DA:51,2
DA:53,1
DA:55,1
DA:56,1
DA:57,1
DA:58,1
DA:59,1
DA:60,1
DA:63,1
DA:64,1
DA:65,0
DA:66,0
DA:69,1
DA:71,1
DA:72,1
DA:73,1
DA:74,1
DA:75,1
DA:82,1
DA:83,2
DA:84,2
DA:85,2
DA:87,2
DA:88,1
DA:91,1
DA:92,1
DA:93,1
DA:94,1
DA:95,1
DA:97,0
DA:100,1
DA:101,1
DA:102,0
DA:104,1
DA:105,0
DA:107,1
DA:108,1
DA:109,1
DA:110,1
DA:111,1
DA:112,1
DA:114,0
DA:122,1
DA:123,2
DA:124,2
DA:126,2
DA:127,1
DA:130,1
DA:131,1
DA:132,1
DA:133,1
DA:134,1
DA:136,0
DA:138,1
DA:139,1
DA:140,1
DA:141,1
DA:142,1
DA:144,0
DA:149,1
LF:90
LH:67
BRDA:16,1,0,0
BRDA:16,1,1,0
BRDA:24,2,0,0
BRDA:24,2,1,0
BRDA:44,3,0,0
BRDA:44,3,1,1
BRDA:51,4,0,1
BRDA:51,4,1,1
BRDA:51,5,0,2
BRDA:51,5,1,1
BRDA:51,5,2,1
BRDA:51,5,3,1
BRDA:51,5,4,1
BRDA:51,5,5,1
BRDA:64,6,0,0
BRDA:64,6,1,1
BRDA:71,7,0,0
BRDA:71,7,1,1
BRDA:87,8,0,1
BRDA:87,8,1,1
BRDA:87,9,0,2
BRDA:87,9,1,1
BRDA:93,10,0,1
BRDA:93,10,1,0
BRDA:100,11,0,1
BRDA:100,11,1,0
BRDA:101,12,0,0
BRDA:101,12,1,1
BRDA:104,13,0,0
BRDA:104,13,1,1
BRDA:126,14,0,1
BRDA:126,14,1,1
BRDA:131,15,0,1
BRDA:131,15,1,0
BRDA:133,16,0,1
BRDA:133,16,1,0
BRF:36
BRH:23
end_of_record
TN:
SF:/Users/vivi409/Desktop/s18-ESN-A1/controllers/emailNotification.js
FN:34,(anonymous_1)
FNF:1
FNH:0
FNDA:0,(anonymous_1)
DA:1,1
DA:3,1
DA:11,1
DA:12,2
DA:13,2
DA:14,2
DA:15,2
DA:16,2
DA:17,2
DA:18,2
DA:19,2
DA:21,2
DA:26,1
DA:27,1
DA:34,1
DA:35,0
DA:36,0
DA:38,0
DA:42,1
LF:19
LH:16
BRDA:35,1,0,0
BRDA:35,1,1,0
BRF:2
BRH:0
end_of_record
TN:
SF:/Users/vivi409/Desktop/s18-ESN-A1/auth/authToken.js
FN:7,authToken
FN:12,(anonymous_2)
FN:16,(anonymous_3)
FNF:3
FNH:3
FNDA:44,authToken
FNDA:43,(anonymous_2)
FNDA:42,(anonymous_3)
DA:1,1
DA:2,1
DA:3,1
DA:4,1
DA:7,1
DA:8,44
DA:9,44
DA:10,1
DA:12,43
DA:13,43
DA:14,1
DA:16,42
DA:17,42
DA:18,42
DA:19,42
DA:20,42
DA:21,42
DA:26,1
LF:18
LH:18
BRDA:9,1,0,1
BRDA:9,1,1,43
BRDA:13,2,0,1
BRDA:13,2,1,42
BRDA:17,3,0,0
BRDA:17,3,1,42
BRF:6
BRH:5
end_of_record
TN:
SF:/Users/vivi409/Desktop/s18-ESN-A1/controllers/voiceMessg.js
FN:11,(anonymous_1)
FN:13,(anonymous_2)
FN:26,(anonymous_3)
FN:27,(anonymous_4)
FN:41,(anonymous_5)
FN:43,(anonymous_6)
FNF:6
FNH:6
FNDA:1,(anonymous_1)
FNDA:1,(anonymous_2)
FNDA:1,(anonymous_3)
FNDA:1,(anonymous_4)
FNDA:1,(anonymous_5)
FNDA:1,(anonymous_6)
DA:1,1
DA:2,1
DA:3,1
DA:5,1
DA:6,2
DA:7,2
DA:8,2
DA:9,2
DA:10,2
DA:11,1
DA:12,1
DA:13,1
DA:14,1
DA:15,1
DA:16,1
DA:17,1
DA:22,1
DA:23,2
DA:24,2
DA:25,1
DA:26,1
DA:27,1
DA:28,1
DA:29,1
DA:30,1
DA:31,1
DA:37,1
DA:38,2
DA:39,2
DA:40,2
DA:41,1
DA:42,1
DA:43,1
DA:44,1
DA:45,1
DA:46,1
DA:47,1
DA:53,1
DA:54,1
DA:55,1
DA:56,1
DA:60,1
LF:42
LH:42
BRDA:9,1,0,2
BRDA:9,1,1,1
BRDA:10,2,0,1
BRDA:10,2,1,1
BRDA:12,3,0,0
BRDA:12,3,1,1
BRDA:14,4,0,0
BRDA:14,4,1,1
BRDA:24,5,0,1
BRDA:24,5,1,1
BRDA:28,6,0,0
BRDA:28,6,1,1
BRDA:40,7,0,1
BRDA:40,7,1,1
BRDA:42,8,0,0
BRDA:42,8,1,1
BRDA:44,9,0,0
BRDA:44,9,1,1
BRF:18
BRH:13
end_of_record
TN:
SF:/Users/vivi409/Desktop/s18-ESN-A1/socket/socket.js
FN:8,(anonymous_1)
FN:12,(anonymous_2)
FN:17,(anonymous_3)
FN:32,(anonymous_4)
FN:36,(anonymous_5)
FN:43,(anonymous_6)
FN:44,(anonymous_7)
FN:50,(anonymous_8)
FN:58,(anonymous_9)
FNF:9
FNH:2
FNDA:0,(anonymous_1)
FNDA:0,(anonymous_2)
FNDA:0,(anonymous_3)
FNDA:0,(anonymous_4)
FNDA:0,(anonymous_5)
FNDA:0,(anonymous_6)
FNDA:0,(anonymous_7)
FNDA:1,(anonymous_8)
FNDA:1,(anonymous_9)
DA:3,1
DA:4,1
DA:5,1
DA:7,1
DA:8,0
DA:9,0
DA:10,0
DA:11,0
DA:12,0
DA:13,0
DA:14,0
DA:15,0
DA:16,0
DA:17,0
DA:18,0
DA:24,1
DA:25,0
DA:26,0
DA:27,0
DA:28,0
DA:31,1
DA:32,0
DA:33,0
DA:34,0
DA:35,0
DA:36,0
DA:37,0
DA:42,1
DA:43,0
DA:44,0
DA:45,0
DA:50,1
DA:51,1
DA:52,0
DA:53,0
DA:54,0
DA:58,1
DA:59,1
DA:60,1
DA:61,1
DA:62,1
DA:63,1
DA:66,1
LF:43
LH:16
BRDA:11,1,0,0
BRDA:11,1,1,0
BRDA:13,2,0,0
BRDA:13,2,1,0
BRDA:25,3,0,0
BRDA:25,3,1,0
BRDA:35,4,0,0
BRDA:35,4,1,0
BRF:8
BRH:0
end_of_record
TN:
SF:/Users/vivi409/Desktop/s18-ESN-A1/models/status.js
FN:4,(anonymous_1)
FNF:1
FNH:1
FNDA:4,(anonymous_1)
DA:3,1
DA:5,4
DA:7,1
DA:9,1
DA:11,1
DA:13,1
LF:6
LH:6
BRDA:5,1,0,1
BRDA:5,1,1,1
BRDA:5,1,2,1
BRDA:5,1,3,1
BRF:4
BRH:4
end_of_record
